#
# There is insufficient memory for the Java Runtime Environment to continue.
# Native memory allocation (mmap) failed to map 20971520 bytes for G1 virtual space
# Possible reasons:
#   The system is out of physical RAM or swap space
#   The process is running with CompressedOops enabled, and the Java Heap may be blocking the growth of the native heap
# Possible solutions:
#   Reduce memory load on the system
#   Increase physical memory or swap space
#   Check if swap backing store is full
#   Decrease Java heap size (-Xmx/-Xms)
#   Decrease number of Java threads
#   Decrease Java thread stack sizes (-Xss)
#   Set larger code cache with -XX:ReservedCodeCacheSize=
#   JVM is running with Zero Based Compressed Oops mode in which the Java heap is
#     placed in the first 32GB address space. The Java Heap base address is the
#     maximum limit for the native heap growth. Please use -XX:HeapBaseMinAddress
#     to set the Java Heap base and to place the Java Heap above 32GB virtual address.
# This output file may be truncated or incomplete.
#
#  Out of Memory Error (os_windows.cpp:3769), pid=7044, tid=1204
#
# JRE version: OpenJDK Runtime Environment (17.0.6) (build 17.0.6+0-b2043.56-10027231)
# Java VM: OpenJDK 64-Bit Server VM (17.0.6+0-b2043.56-10027231, mixed mode, tiered, compressed oops, compressed class ptrs, g1 gc, windows-amd64)
# No core dump will be written. Minidumps are not enabled by default on client versions of Windows
#

---------------  S U M M A R Y ------------

Command Line: org.jetbrains.kotlin.cli.jvm.K2JVMCompiler @C:\Users\Ivan\Downloads\AplicacionTrabajo1\app\build\20231016_14525677162732742608.compiler.options

Host: AMD Ryzen 5 5600 6-Core Processor              , 12 cores, 15G,  Windows 10 , 64 bit Build 19041 (10.0.19041.3570)
Time: Mon Oct 16 01:13:25 2023 Hora estándar de Argentina elapsed time: 5.091269 seconds (0d 0h 0m 5s)

---------------  T H R E A D  ---------------

Current thread (0x000002ddf44ada40):  VMThread "VM Thread" [stack: 0x000000f176c00000,0x000000f176d00000] [id=1204]

Stack: [0x000000f176c00000,0x000000f176d00000]
Native frames: (J=compiled Java code, j=interpreted, Vv=VM code, C=native code)
V  [jvm.dll+0x683c9a]
V  [jvm.dll+0x8427a4]
V  [jvm.dll+0x843f9e]
V  [jvm.dll+0x844603]
V  [jvm.dll+0x249b75]
V  [jvm.dll+0x680b69]
V  [jvm.dll+0x67505a]
V  [jvm.dll+0x309acb]
V  [jvm.dll+0x310f86]
V  [jvm.dll+0x3608ee]
V  [jvm.dll+0x360b1f]
V  [jvm.dll+0x2dfbf8]
V  [jvm.dll+0x2ddec4]
V  [jvm.dll+0x2dd4cc]
V  [jvm.dll+0x321f3b]
V  [jvm.dll+0x848ccb]
V  [jvm.dll+0x849a04]
V  [jvm.dll+0x849f1d]
V  [jvm.dll+0x84a2f4]
V  [jvm.dll+0x84a3c0]
V  [jvm.dll+0x7f274a]
V  [jvm.dll+0x682ad5]
C  [ucrtbase.dll+0x21bb2]
C  [KERNEL32.DLL+0x17344]
C  [ntdll.dll+0x526b1]

VM_Operation (0x000000f1766fca20): G1CollectForAllocation, mode: safepoint, requested by thread 0x000002ddd36a9e80


---------------  P R O C E S S  ---------------

Threads class SMR info:
_java_thread_list=0x000002ddf6cd8a40, length=14, elements={
0x000002ddd36a9e80, 0x000002ddf5065140, 0x000002ddf5065fb0, 0x000002ddf44bd2e0,
0x000002ddf44bdda0, 0x000002ddf5092000, 0x000002ddf50928c0, 0x000002ddf50934b0,
0x000002ddf5097860, 0x000002ddf50ac020, 0x000002ddf5200560, 0x000002ddf5200be0,
0x000002ddf54067e0, 0x000002ddf71e6080
}

Java Threads: ( => current thread )
  0x000002ddd36a9e80 JavaThread "main" [_thread_blocked, id=16432, stack(0x000000f176600000,0x000000f176700000)]
  0x000002ddf5065140 JavaThread "Reference Handler" daemon [_thread_blocked, id=2128, stack(0x000000f176d00000,0x000000f176e00000)]
  0x000002ddf5065fb0 JavaThread "Finalizer" daemon [_thread_blocked, id=1972, stack(0x000000f176e00000,0x000000f176f00000)]
  0x000002ddf44bd2e0 JavaThread "Signal Dispatcher" daemon [_thread_blocked, id=1780, stack(0x000000f176f00000,0x000000f177000000)]
  0x000002ddf44bdda0 JavaThread "Attach Listener" daemon [_thread_blocked, id=19592, stack(0x000000f177000000,0x000000f177100000)]
  0x000002ddf5092000 JavaThread "Service Thread" daemon [_thread_blocked, id=10276, stack(0x000000f177100000,0x000000f177200000)]
  0x000002ddf50928c0 JavaThread "Monitor Deflation Thread" daemon [_thread_blocked, id=12696, stack(0x000000f177200000,0x000000f177300000)]
  0x000002ddf50934b0 JavaThread "C2 CompilerThread0" daemon [_thread_blocked, id=18080, stack(0x000000f177300000,0x000000f177400000)]
  0x000002ddf5097860 JavaThread "C1 CompilerThread0" daemon [_thread_blocked, id=17820, stack(0x000000f177400000,0x000000f177500000)]
  0x000002ddf50ac020 JavaThread "Sweeper thread" daemon [_thread_blocked, id=7384, stack(0x000000f177500000,0x000000f177600000)]
  0x000002ddf5200560 JavaThread "Notification Thread" daemon [_thread_blocked, id=17792, stack(0x000000f177600000,0x000000f177700000)]
  0x000002ddf5200be0 JavaThread "Common-Cleaner" daemon [_thread_blocked, id=8864, stack(0x000000f177800000,0x000000f177900000)]
  0x000002ddf54067e0 JavaThread "C2 CompilerThread1" daemon [_thread_blocked, id=8444, stack(0x000000f177900000,0x000000f177a00000)]
  0x000002ddf71e6080 JavaThread "C2 CompilerThread2" daemon [_thread_in_native, id=15508, stack(0x000000f178400000,0x000000f178500000)]

Other Threads:
=>0x000002ddf44ada40 VMThread "VM Thread" [stack: 0x000000f176c00000,0x000000f176d00000] [id=1204]
  0x000002ddd372f8d0 WatcherThread [stack: 0x000000f177700000,0x000000f177800000] [id=20116]
  0x000002ddd37177a0 GCTaskThread "GC Thread#0" [stack: 0x000000f176700000,0x000000f176800000] [id=18448]
  0x000002ddf58cf980 GCTaskThread "GC Thread#1" [stack: 0x000000f177a00000,0x000000f177b00000] [id=15732]
  0x000002ddf58cfc30 GCTaskThread "GC Thread#2" [stack: 0x000000f177b00000,0x000000f177c00000] [id=17064]
  0x000002ddf5824b30 GCTaskThread "GC Thread#3" [stack: 0x000000f177c00000,0x000000f177d00000] [id=19168]
  0x000002ddf5824de0 GCTaskThread "GC Thread#4" [stack: 0x000000f177d00000,0x000000f177e00000] [id=2696]
  0x000002ddf5825090 GCTaskThread "GC Thread#5" [stack: 0x000000f177e00000,0x000000f177f00000] [id=20144]
  0x000002ddf5bfc540 GCTaskThread "GC Thread#6" [stack: 0x000000f177f00000,0x000000f178000000] [id=18568]
  0x000002ddf6c29c80 GCTaskThread "GC Thread#7" [stack: 0x000000f178000000,0x000000f178100000] [id=10044]
  0x000002ddf5bd4cd0 GCTaskThread "GC Thread#8" [stack: 0x000000f178100000,0x000000f178200000] [id=10952]
  0x000002ddf6d1c340 GCTaskThread "GC Thread#9" [stack: 0x000000f178500000,0x000000f178600000] [id=19632]
  0x000002ddd37285a0 ConcurrentGCThread "G1 Main Marker" [stack: 0x000000f176800000,0x000000f176900000] [id=7272]
  0x000002ddd3729750 ConcurrentGCThread "G1 Conc#0" [stack: 0x000000f176900000,0x000000f176a00000] [id=18032]
  0x000002ddf5b13e80 ConcurrentGCThread "G1 Conc#1" [stack: 0x000000f178200000,0x000000f178300000] [id=19332]
  0x000002ddf6d1b320 ConcurrentGCThread "G1 Conc#2" [stack: 0x000000f178300000,0x000000f178400000] [id=11624]
  0x000002ddf4348500 ConcurrentGCThread "G1 Refine#0" [stack: 0x000000f176a00000,0x000000f176b00000] [id=7804]
  0x000002ddf4348e30 ConcurrentGCThread "G1 Service" [stack: 0x000000f176b00000,0x000000f176c00000] [id=8732]

Threads with active compile tasks:
C2 CompilerThread0     5103 11599       4       org.jetbrains.kotlin.types.AbstractTypeMapper::mapClassType (173 bytes)
C1 CompilerThread0     5103 11726       2       org.jetbrains.kotlin.backend.jvm.codegen.ExpressionCodegen::visitCall (1237 bytes)
C2 CompilerThread1     5103 11604       4       org.jetbrains.kotlin.ir.util.IrUtilsKt::hasAnnotation (118 bytes)
C2 CompilerThread2     5103 11533       4       org.jetbrains.kotlin.backend.jvm.mapping.MethodSignatureMapper::mapSignature (587 bytes)

VM state: at safepoint (normal execution)

VM Mutex/Monitor currently owned by a thread:  ([mutex/lock_event])
[0x000002ddd36a54a0] Threads_lock - owner thread: 0x000002ddf44ada40
[0x000002ddd36a5020] Heap_lock - owner thread: 0x000002ddd36a9e80

Heap address: 0x0000000701400000, size: 4076 MB, Compressed Oops mode: Zero based, Oop shift amount: 3

CDS archive(s) not mapped
Compressed class space mapped at: 0x0000000800000000-0x0000000840000000, reserved size: 1073741824
Narrow klass base: 0x0000000800000000, Narrow klass shift: 0, Narrow klass range: 0x40000000

GC Precious Log:
 CPUs: 12 total, 12 available
 Memory: 16296M
 Large Page Support: Disabled
 NUMA Support: Disabled
 Compressed Oops: Enabled (Zero based)
 Heap Region Size: 2M
 Heap Min Capacity: 8M
 Heap Initial Capacity: 256M
 Heap Max Capacity: 4076M
 Pre-touch: Disabled
 Parallel Workers: 10
 Concurrent Workers: 3
 Concurrent Refinement Workers: 10
 Periodic GC: Disabled

Heap:
 garbage-first heap   total 262144K, used 65166K [0x0000000701400000, 0x0000000800000000)
  region size 2048K, 2 young (4096K), 2 survivors (4096K)
 Metaspace       used 79356K, committed 79616K, reserved 1122304K
  class space    used 8769K, committed 8896K, reserved 1048576K

Heap Regions: E=young(eden), S=young(survivor), O=old, HS=humongous(starts), HC=humongous(continues), CS=collection set, F=free, OA=open archive, CA=closed archive, TAMS=top-at-mark-start (previous, next)
|   0|0x0000000701400000, 0x0000000701600000, 0x0000000701600000|100%|HS|  |TAMS 0x0000000701600000, 0x0000000701400000| Complete 
|   1|0x0000000701600000, 0x0000000701800000, 0x0000000701800000|100%|HC|  |TAMS 0x0000000701800000, 0x0000000701600000| Complete 
|   2|0x0000000701800000, 0x0000000701a00000, 0x0000000701a00000|100%| O|  |TAMS 0x0000000701a00000, 0x0000000701800000| Untracked 
|   3|0x0000000701a00000, 0x0000000701c00000, 0x0000000701c00000|100%|HS|  |TAMS 0x0000000701c00000, 0x0000000701a00000| Complete 
|   4|0x0000000701c00000, 0x0000000701e00000, 0x0000000701e00000|100%| O|  |TAMS 0x0000000701e00000, 0x0000000701c00000| Untracked 
|   5|0x0000000701e00000, 0x0000000702000000, 0x0000000702000000|100%| O|  |TAMS 0x0000000701e00000, 0x0000000701e00000| Untracked 
|   6|0x0000000702000000, 0x0000000702200000, 0x0000000702200000|100%| O|  |TAMS 0x0000000702200000, 0x0000000702000000| Untracked 
|   7|0x0000000702200000, 0x0000000702400000, 0x0000000702400000|100%| O|  |TAMS 0x0000000702400000, 0x0000000702200000| Untracked 
|   8|0x0000000702400000, 0x0000000702600000, 0x0000000702600000|100%| O|  |TAMS 0x0000000702600000, 0x0000000702400000| Untracked 
|   9|0x0000000702600000, 0x0000000702800000, 0x0000000702800000|100%| O|  |TAMS 0x0000000702800000, 0x0000000702600000| Untracked 
|  10|0x0000000702800000, 0x0000000702a00000, 0x0000000702a00000|100%| O|  |TAMS 0x0000000702a00000, 0x0000000702800000| Untracked 
|  11|0x0000000702a00000, 0x0000000702bb5200, 0x0000000702c00000| 85%| O|  |TAMS 0x0000000702bb5200, 0x0000000702a00000| Untracked 
|  12|0x0000000702c00000, 0x0000000702e00000, 0x0000000702e00000|100%| O|  |TAMS 0x0000000702e00000, 0x0000000702c00000| Untracked 
|  13|0x0000000702e00000, 0x0000000703000000, 0x0000000703000000|100%| O|  |TAMS 0x0000000703000000, 0x0000000702e00000| Untracked 
|  14|0x0000000703000000, 0x0000000703200000, 0x0000000703200000|100%| O|  |TAMS 0x0000000703200000, 0x0000000703000000| Untracked 
|  15|0x0000000703200000, 0x0000000703400000, 0x0000000703400000|100%| O|  |TAMS 0x0000000703400000, 0x0000000703200000| Untracked 
|  16|0x0000000703400000, 0x0000000703600000, 0x0000000703600000|100%| O|  |TAMS 0x0000000703600000, 0x0000000703400000| Untracked 
|  17|0x0000000703600000, 0x0000000703800000, 0x0000000703800000|100%| O|  |TAMS 0x0000000703800000, 0x0000000703600000| Untracked 
|  18|0x0000000703800000, 0x0000000703a00000, 0x0000000703a00000|100%| O|  |TAMS 0x0000000703a00000, 0x0000000703800000| Untracked 
|  19|0x0000000703a00000, 0x0000000703c00000, 0x0000000703c00000|100%| O|  |TAMS 0x0000000703c00000, 0x0000000703a00000| Untracked 
|  20|0x0000000703c00000, 0x0000000703e00000, 0x0000000703e00000|100%| O|  |TAMS 0x0000000703e00000, 0x0000000703c00000| Untracked 
|  21|0x0000000703e00000, 0x0000000704000000, 0x0000000704000000|100%| O|  |TAMS 0x0000000704000000, 0x0000000703e00000| Untracked 
|  22|0x0000000704000000, 0x0000000704200000, 0x0000000704200000|100%| O|  |TAMS 0x0000000704200000, 0x0000000704000000| Untracked 
|  23|0x0000000704200000, 0x0000000704400000, 0x0000000704400000|100%| O|  |TAMS 0x00000007042c5200, 0x0000000704200000| Untracked 
|  24|0x0000000704400000, 0x0000000704600000, 0x0000000704600000|100%| O|  |TAMS 0x0000000704400000, 0x0000000704400000| Untracked 
|  25|0x0000000704600000, 0x0000000704800000, 0x0000000704800000|100%| O|  |TAMS 0x0000000704600000, 0x0000000704600000| Untracked 
|  26|0x0000000704800000, 0x0000000704a00000, 0x0000000704a00000|100%| O|  |TAMS 0x0000000704800000, 0x0000000704800000| Untracked 
|  27|0x0000000704a00000, 0x0000000704c00000, 0x0000000704c00000|100%| O|  |TAMS 0x0000000704a00000, 0x0000000704a00000| Untracked 
|  28|0x0000000704c00000, 0x0000000704e00000, 0x0000000704e00000|100%| O|  |TAMS 0x0000000704c00000, 0x0000000704c00000| Untracked 
|  29|0x0000000704e00000, 0x0000000705000000, 0x0000000705000000|100%| O|  |TAMS 0x0000000704e00000, 0x0000000704e00000| Untracked 
|  30|0x0000000705000000, 0x000000070513f000, 0x0000000705200000| 62%| O|  |TAMS 0x0000000705000000, 0x0000000705000000| Untracked 
|  31|0x0000000705200000, 0x0000000705200000, 0x0000000705400000|  0%| F|  |TAMS 0x0000000705200000, 0x0000000705200000| Untracked 
|  32|0x0000000705400000, 0x0000000705400000, 0x0000000705600000|  0%| F|  |TAMS 0x0000000705400000, 0x0000000705400000| Untracked 
|  33|0x0000000705600000, 0x0000000705600000, 0x0000000705800000|  0%| F|  |TAMS 0x0000000705600000, 0x0000000705600000| Untracked 
|  34|0x0000000705800000, 0x0000000705800000, 0x0000000705a00000|  0%| F|  |TAMS 0x0000000705800000, 0x0000000705800000| Untracked 
|  35|0x0000000705a00000, 0x0000000705a00000, 0x0000000705c00000|  0%| F|  |TAMS 0x0000000705a00000, 0x0000000705a00000| Untracked 
|  36|0x0000000705c00000, 0x0000000705c00000, 0x0000000705e00000|  0%| F|  |TAMS 0x0000000705c00000, 0x0000000705c00000| Untracked 
|  37|0x0000000705e00000, 0x0000000705e00000, 0x0000000706000000|  0%| F|  |TAMS 0x0000000705e00000, 0x0000000705e00000| Untracked 
|  38|0x0000000706000000, 0x0000000706000000, 0x0000000706200000|  0%| F|  |TAMS 0x0000000706000000, 0x0000000706000000| Untracked 
|  39|0x0000000706200000, 0x0000000706200000, 0x0000000706400000|  0%| F|  |TAMS 0x0000000706200000, 0x0000000706200000| Untracked 
|  40|0x0000000706400000, 0x0000000706400000, 0x0000000706600000|  0%| F|  |TAMS 0x0000000706400000, 0x0000000706400000| Untracked 
|  41|0x0000000706600000, 0x0000000706600000, 0x0000000706800000|  0%| F|  |TAMS 0x0000000706600000, 0x0000000706600000| Untracked 
|  42|0x0000000706800000, 0x0000000706800000, 0x0000000706a00000|  0%| F|  |TAMS 0x0000000706800000, 0x0000000706800000| Untracked 
|  43|0x0000000706a00000, 0x0000000706aaf8f8, 0x0000000706c00000| 34%| S|CS|TAMS 0x0000000706a00000, 0x0000000706a00000| Complete 
|  44|0x0000000706c00000, 0x0000000706e00000, 0x0000000706e00000|100%| S|CS|TAMS 0x0000000706c00000, 0x0000000706c00000| Complete 
|  45|0x0000000706e00000, 0x0000000706e00000, 0x0000000707000000|  0%| F|  |TAMS 0x0000000706e00000, 0x0000000706e00000| Untracked 
|  46|0x0000000707000000, 0x0000000707000000, 0x0000000707200000|  0%| F|  |TAMS 0x0000000707000000, 0x0000000707000000| Untracked 
|  47|0x0000000707200000, 0x0000000707200000, 0x0000000707400000|  0%| F|  |TAMS 0x0000000707200000, 0x0000000707200000| Untracked 
|  48|0x0000000707400000, 0x0000000707400000, 0x0000000707600000|  0%| F|  |TAMS 0x0000000707400000, 0x0000000707400000| Untracked 
|  49|0x0000000707600000, 0x0000000707600000, 0x0000000707800000|  0%| F|  |TAMS 0x0000000707600000, 0x0000000707600000| Untracked 
|  50|0x0000000707800000, 0x0000000707800000, 0x0000000707a00000|  0%| F|  |TAMS 0x0000000707800000, 0x0000000707800000| Untracked 
|  51|0x0000000707a00000, 0x0000000707a00000, 0x0000000707c00000|  0%| F|  |TAMS 0x0000000707a00000, 0x0000000707a00000| Untracked 
|  52|0x0000000707c00000, 0x0000000707c00000, 0x0000000707e00000|  0%| F|  |TAMS 0x0000000707c00000, 0x0000000707c00000| Untracked 
|  53|0x0000000707e00000, 0x0000000707e00000, 0x0000000708000000|  0%| F|  |TAMS 0x0000000707e00000, 0x0000000707e00000| Untracked 
|  54|0x0000000708000000, 0x0000000708000000, 0x0000000708200000|  0%| F|  |TAMS 0x0000000708000000, 0x0000000708000000| Untracked 
|  55|0x0000000708200000, 0x0000000708200000, 0x0000000708400000|  0%| F|  |TAMS 0x0000000708200000, 0x0000000708200000| Untracked 
|  56|0x0000000708400000, 0x0000000708400000, 0x0000000708600000|  0%| F|  |TAMS 0x0000000708400000, 0x0000000708400000| Untracked 
|  57|0x0000000708600000, 0x0000000708600000, 0x0000000708800000|  0%| F|  |TAMS 0x0000000708600000, 0x0000000708600000| Untracked 
|  58|0x0000000708800000, 0x0000000708800000, 0x0000000708a00000|  0%| F|  |TAMS 0x0000000708800000, 0x0000000708800000| Untracked 
|  59|0x0000000708a00000, 0x0000000708a00000, 0x0000000708c00000|  0%| F|  |TAMS 0x0000000708a00000, 0x0000000708a00000| Untracked 
|  60|0x0000000708c00000, 0x0000000708c00000, 0x0000000708e00000|  0%| F|  |TAMS 0x0000000708c00000, 0x0000000708c00000| Untracked 
|  61|0x0000000708e00000, 0x0000000708e00000, 0x0000000709000000|  0%| F|  |TAMS 0x0000000708e00000, 0x0000000708e00000| Untracked 
|  62|0x0000000709000000, 0x0000000709000000, 0x0000000709200000|  0%| F|  |TAMS 0x0000000709000000, 0x0000000709000000| Untracked 
|  63|0x0000000709200000, 0x0000000709200000, 0x0000000709400000|  0%| F|  |TAMS 0x0000000709200000, 0x0000000709200000| Untracked 
|  64|0x0000000709400000, 0x0000000709400000, 0x0000000709600000|  0%| F|  |TAMS 0x0000000709400000, 0x0000000709400000| Untracked 
|  65|0x0000000709600000, 0x0000000709600000, 0x0000000709800000|  0%| F|  |TAMS 0x0000000709600000, 0x0000000709600000| Untracked 
|  66|0x0000000709800000, 0x0000000709800000, 0x0000000709a00000|  0%| F|  |TAMS 0x0000000709800000, 0x0000000709800000| Untracked 
|  67|0x0000000709a00000, 0x0000000709a00000, 0x0000000709c00000|  0%| F|  |TAMS 0x0000000709a00000, 0x0000000709a00000| Untracked 
|  68|0x0000000709c00000, 0x0000000709c00000, 0x0000000709e00000|  0%| F|  |TAMS 0x0000000709c00000, 0x0000000709c00000| Untracked 
|  69|0x0000000709e00000, 0x0000000709e00000, 0x000000070a000000|  0%| F|  |TAMS 0x0000000709e00000, 0x0000000709e00000| Untracked 
|  70|0x000000070a000000, 0x000000070a000000, 0x000000070a200000|  0%| F|  |TAMS 0x000000070a000000, 0x000000070a000000| Untracked 
|  71|0x000000070a200000, 0x000000070a200000, 0x000000070a400000|  0%| F|  |TAMS 0x000000070a200000, 0x000000070a200000| Untracked 
|  72|0x000000070a400000, 0x000000070a400000, 0x000000070a600000|  0%| F|  |TAMS 0x000000070a400000, 0x000000070a400000| Untracked 
|  73|0x000000070a600000, 0x000000070a600000, 0x000000070a800000|  0%| F|  |TAMS 0x000000070a600000, 0x000000070a600000| Untracked 
|  74|0x000000070a800000, 0x000000070a800000, 0x000000070aa00000|  0%| F|  |TAMS 0x000000070a800000, 0x000000070a800000| Untracked 
|  75|0x000000070aa00000, 0x000000070aa00000, 0x000000070ac00000|  0%| F|  |TAMS 0x000000070aa00000, 0x000000070aa00000| Untracked 
|  76|0x000000070ac00000, 0x000000070ac00000, 0x000000070ae00000|  0%| F|  |TAMS 0x000000070ac00000, 0x000000070ac00000| Untracked 
|  77|0x000000070ae00000, 0x000000070ae00000, 0x000000070b000000|  0%| F|  |TAMS 0x000000070ae00000, 0x000000070ae00000| Untracked 
|  78|0x000000070b000000, 0x000000070b000000, 0x000000070b200000|  0%| F|  |TAMS 0x000000070b000000, 0x000000070b000000| Untracked 
|  79|0x000000070b200000, 0x000000070b200000, 0x000000070b400000|  0%| F|  |TAMS 0x000000070b200000, 0x000000070b200000| Untracked 
|  80|0x000000070b400000, 0x000000070b400000, 0x000000070b600000|  0%| F|  |TAMS 0x000000070b400000, 0x000000070b400000| Untracked 
|  81|0x000000070b600000, 0x000000070b600000, 0x000000070b800000|  0%| F|  |TAMS 0x000000070b600000, 0x000000070b600000| Untracked 
|  82|0x000000070b800000, 0x000000070b800000, 0x000000070ba00000|  0%| F|  |TAMS 0x000000070b800000, 0x000000070b800000| Untracked 
|  83|0x000000070ba00000, 0x000000070ba00000, 0x000000070bc00000|  0%| F|  |TAMS 0x000000070ba00000, 0x000000070ba00000| Untracked 
|  84|0x000000070bc00000, 0x000000070bc00000, 0x000000070be00000|  0%| F|  |TAMS 0x000000070bc00000, 0x000000070bc00000| Untracked 
|  85|0x000000070be00000, 0x000000070be00000, 0x000000070c000000|  0%| F|  |TAMS 0x000000070be00000, 0x000000070be00000| Untracked 
|  86|0x000000070c000000, 0x000000070c000000, 0x000000070c200000|  0%| F|  |TAMS 0x000000070c000000, 0x000000070c000000| Untracked 
|  87|0x000000070c200000, 0x000000070c200000, 0x000000070c400000|  0%| F|  |TAMS 0x000000070c200000, 0x000000070c200000| Untracked 
|  88|0x000000070c400000, 0x000000070c400000, 0x000000070c600000|  0%| F|  |TAMS 0x000000070c400000, 0x000000070c400000| Untracked 
|  89|0x000000070c600000, 0x000000070c600000, 0x000000070c800000|  0%| F|  |TAMS 0x000000070c600000, 0x000000070c600000| Untracked 
|  90|0x000000070c800000, 0x000000070c800000, 0x000000070ca00000|  0%| F|  |TAMS 0x000000070c800000, 0x000000070c800000| Untracked 
|  91|0x000000070ca00000, 0x000000070ca00000, 0x000000070cc00000|  0%| F|  |TAMS 0x000000070ca00000, 0x000000070ca00000| Untracked 
|  92|0x000000070cc00000, 0x000000070cc00000, 0x000000070ce00000|  0%| F|  |TAMS 0x000000070cc00000, 0x000000070cc00000| Untracked 
|  93|0x000000070ce00000, 0x000000070ce00000, 0x000000070d000000|  0%| F|  |TAMS 0x000000070ce00000, 0x000000070ce00000| Untracked 
|  94|0x000000070d000000, 0x000000070d000000, 0x000000070d200000|  0%| F|  |TAMS 0x000000070d000000, 0x000000070d000000| Untracked 
|  95|0x000000070d200000, 0x000000070d200000, 0x000000070d400000|  0%| F|  |TAMS 0x000000070d200000, 0x000000070d200000| Untracked 
|  96|0x000000070d400000, 0x000000070d400000, 0x000000070d600000|  0%| F|  |TAMS 0x000000070d400000, 0x000000070d400000| Untracked 
|  97|0x000000070d600000, 0x000000070d600000, 0x000000070d800000|  0%| F|  |TAMS 0x000000070d600000, 0x000000070d600000| Untracked 
|  98|0x000000070d800000, 0x000000070d800000, 0x000000070da00000|  0%| F|  |TAMS 0x000000070d800000, 0x000000070d800000| Untracked 
|  99|0x000000070da00000, 0x000000070da00000, 0x000000070dc00000|  0%| F|  |TAMS 0x000000070da00000, 0x000000070da00000| Untracked 
| 100|0x000000070dc00000, 0x000000070dc00000, 0x000000070de00000|  0%| F|  |TAMS 0x000000070dc00000, 0x000000070dc00000| Untracked 
| 101|0x000000070de00000, 0x000000070de00000, 0x000000070e000000|  0%| F|  |TAMS 0x000000070de00000, 0x000000070de00000| Untracked 
| 102|0x000000070e000000, 0x000000070e000000, 0x000000070e200000|  0%| F|  |TAMS 0x000000070e000000, 0x000000070e000000| Untracked 
| 103|0x000000070e200000, 0x000000070e200000, 0x000000070e400000|  0%| F|  |TAMS 0x000000070e200000, 0x000000070e200000| Untracked 
| 104|0x000000070e400000, 0x000000070e400000, 0x000000070e600000|  0%| F|  |TAMS 0x000000070e400000, 0x000000070e400000| Untracked 
| 105|0x000000070e600000, 0x000000070e600000, 0x000000070e800000|  0%| F|  |TAMS 0x000000070e600000, 0x000000070e600000| Untracked 
| 106|0x000000070e800000, 0x000000070e800000, 0x000000070ea00000|  0%| F|  |TAMS 0x000000070e800000, 0x000000070e800000| Untracked 
| 107|0x000000070ea00000, 0x000000070ea00000, 0x000000070ec00000|  0%| F|  |TAMS 0x000000070ea00000, 0x000000070ea00000| Untracked 
| 108|0x000000070ec00000, 0x000000070ec00000, 0x000000070ee00000|  0%| F|  |TAMS 0x000000070ec00000, 0x000000070ec00000| Untracked 
| 109|0x000000070ee00000, 0x000000070ee00000, 0x000000070f000000|  0%| F|  |TAMS 0x000000070ee00000, 0x000000070ee00000| Untracked 
| 110|0x000000070f000000, 0x000000070f000000, 0x000000070f200000|  0%| F|  |TAMS 0x000000070f000000, 0x000000070f000000| Untracked 
| 111|0x000000070f200000, 0x000000070f200000, 0x000000070f400000|  0%| F|  |TAMS 0x000000070f200000, 0x000000070f200000| Untracked 
| 112|0x000000070f400000, 0x000000070f400000, 0x000000070f600000|  0%| F|  |TAMS 0x000000070f400000, 0x000000070f400000| Untracked 
| 113|0x000000070f600000, 0x000000070f600000, 0x000000070f800000|  0%| F|  |TAMS 0x000000070f600000, 0x000000070f600000| Untracked 
| 114|0x000000070f800000, 0x000000070f800000, 0x000000070fa00000|  0%| F|  |TAMS 0x000000070f800000, 0x000000070f800000| Untracked 
| 115|0x000000070fa00000, 0x000000070fa00000, 0x000000070fc00000|  0%| F|  |TAMS 0x000000070fa00000, 0x000000070fa00000| Untracked 
| 116|0x000000070fc00000, 0x000000070fc00000, 0x000000070fe00000|  0%| F|  |TAMS 0x000000070fc00000, 0x000000070fc00000| Untracked 
| 117|0x000000070fe00000, 0x000000070fe00000, 0x0000000710000000|  0%| F|  |TAMS 0x000000070fe00000, 0x000000070fe00000| Untracked 
| 118|0x0000000710000000, 0x0000000710000000, 0x0000000710200000|  0%| F|  |TAMS 0x0000000710000000, 0x0000000710000000| Untracked 
| 119|0x0000000710200000, 0x0000000710200000, 0x0000000710400000|  0%| F|  |TAMS 0x0000000710200000, 0x0000000710200000| Untracked 
| 120|0x0000000710400000, 0x0000000710400000, 0x0000000710600000|  0%| F|  |TAMS 0x0000000710400000, 0x0000000710400000| Untracked 
| 121|0x0000000710600000, 0x0000000710600000, 0x0000000710800000|  0%| F|  |TAMS 0x0000000710600000, 0x0000000710600000| Untracked 
| 122|0x0000000710800000, 0x0000000710800000, 0x0000000710a00000|  0%| F|  |TAMS 0x0000000710800000, 0x0000000710800000| Untracked 
| 123|0x0000000710a00000, 0x0000000710a00000, 0x0000000710c00000|  0%| F|  |TAMS 0x0000000710a00000, 0x0000000710a00000| Untracked 
| 124|0x0000000710c00000, 0x0000000710c00000, 0x0000000710e00000|  0%| F|  |TAMS 0x0000000710c00000, 0x0000000710c00000| Untracked 
| 125|0x0000000710e00000, 0x0000000710e00000, 0x0000000711000000|  0%| F|  |TAMS 0x0000000710e00000, 0x0000000710e00000| Untracked 
| 126|0x0000000711000000, 0x0000000711000000, 0x0000000711200000|  0%| F|  |TAMS 0x0000000711000000, 0x0000000711000000| Untracked 
| 127|0x0000000711200000, 0x0000000711200000, 0x0000000711400000|  0%| F|  |TAMS 0x0000000711200000, 0x0000000711200000| Untracked 

Card table byte_map: [0x000002dde8830000,0x000002dde9030000] _byte_map_base: 0x000002dde5026000

Marking Bits (Prev, Next): (CMBitMap*) 0x000002ddd3717db0, (CMBitMap*) 0x000002ddd3717df0
 Prev Bits: [0x000002dde9830000, 0x000002dded7e0000)
 Next Bits: [0x000002dded7e0000, 0x000002ddf1790000)

Polling page: 0x000002ddd3780000

Metaspace:

Usage:
  Non-class:     68.93 MB used.
      Class:      8.56 MB used.
       Both:     77.50 MB used.

Virtual space:
  Non-class space:       72.00 MB reserved,      69.06 MB ( 96%) committed,  9 nodes.
      Class space:        1.00 GB reserved,       8.69 MB ( <1%) committed,  1 nodes.
             Both:        1.07 GB reserved,      77.75 MB (  7%) committed. 

Chunk freelists:
   Non-Class:  2.44 MB
       Class:  3.31 MB
        Both:  5.75 MB

MaxMetaspaceSize: unlimited
CompressedClassSpaceSize: 1.00 GB
Initial GC threshold: 21.00 MB
Current GC threshold: 99.81 MB
CDS: off
MetaspaceReclaimPolicy: balanced
 - commit_granule_bytes: 65536.
 - commit_granule_words: 8192.
 - virtual_space_node_default_size: 1048576.
 - enlarge_chunks_in_place: 1.
 - new_chunks_are_fully_committed: 0.
 - uncommit_free_chunks: 1.
 - use_allocation_guard: 0.
 - handle_deallocations: 1.


Internal statistics:

num_allocs_failed_limit: 6.
num_arena_births: 282.
num_arena_deaths: 0.
num_vsnodes_births: 10.
num_vsnodes_deaths: 0.
num_space_committed: 1242.
num_space_uncommitted: 0.
num_chunks_returned_to_freelist: 6.
num_chunks_taken_from_freelist: 2754.
num_chunk_merges: 6.
num_chunk_splits: 2330.
num_chunks_enlarged: 2136.
num_purges: 0.
num_inconsistent_stats: 0.

CodeHeap 'non-profiled nmethods': size=120000Kb used=5320Kb max_used=5414Kb free=114679Kb
 bounds [0x000002dddfe80000, 0x000002dde03d0000, 0x000002dde73b0000]
CodeHeap 'profiled nmethods': size=120000Kb used=27503Kb max_used=27503Kb free=92496Kb
 bounds [0x000002ddd83b0000, 0x000002ddd9e90000, 0x000002dddf8e0000]
CodeHeap 'non-nmethods': size=5760Kb used=1418Kb max_used=1476Kb free=4341Kb
 bounds [0x000002dddf8e0000, 0x000002dddfb50000, 0x000002dddfe80000]
 total_blobs=10533 nmethods=9795 adapters=646
 compilation: enabled
              stopped_count=0, restarted_count=0
 full_count=0

Compilation events (20 events):
Event: 5.078 Thread 0x000002ddf5097860 nmethod 11712 0x000002ddd9e8cc90 code [0x000002ddd9e8ce80, 0x000002ddd9e8d168]
Event: 5.079 Thread 0x000002ddf5097860 11715       2       org.jetbrains.kotlin.codegen.inline.GlobalInlineContext::getInlineDeclarationSet (19 bytes)
Event: 5.079 Thread 0x000002ddf5097860 nmethod 11715 0x000002ddd9e8d310 code [0x000002ddd9e8d4c0, 0x000002ddd9e8d668]
Event: 5.079 Thread 0x000002ddf5097860 11717       2       org.jetbrains.kotlin.backend.jvm.codegen.ExpressionCodegen::markNewLabel (22 bytes)
Event: 5.079 Thread 0x000002ddf5097860 nmethod 11717 0x000002ddd9e8d790 code [0x000002ddd9e8d940, 0x000002ddd9e8db08]
Event: 5.079 Thread 0x000002ddf5097860 11713       2       org.jetbrains.kotlin.codegen.DelegatingClassBuilder::newMethod (54 bytes)
Event: 5.079 Thread 0x000002ddf5097860 nmethod 11713 0x000002ddd9e8dc10 code [0x000002ddd9e8dde0, 0x000002ddd9e8e038]
Event: 5.079 Thread 0x000002ddf5097860 11722       1       org.jetbrains.kotlin.codegen.optimization.temporaryVals.TemporaryValsAnalyzer$StoredValue$DirtyStore::getTemporaryVals (5 bytes)
Event: 5.079 Thread 0x000002ddf5097860 nmethod 11722 0x000002dde023fb10 code [0x000002dde023fca0, 0x000002dde023fd78]
Event: 5.079 Thread 0x000002ddf5097860 11721       1       org.jetbrains.org.objectweb.asm.tree.IntInsnNode::getType (2 bytes)
Event: 5.079 Thread 0x000002ddf5097860 nmethod 11721 0x000002dde023f810 code [0x000002dde023f9a0, 0x000002dde023fa78]
Event: 5.079 Thread 0x000002ddf5097860 11720       2       org.jetbrains.kotlin.codegen.optimization.fixStack.StackTransformationUtilsKt::peek (31 bytes)
Event: 5.079 Thread 0x000002ddf5097860 nmethod 11720 0x000002ddd9e8e190 code [0x000002ddd9e8e380, 0x000002ddd9e8e6b8]
Event: 5.079 Thread 0x000002ddf5097860 11723       2       org.jetbrains.kotlin.codegen.state.KotlinTypeMapper$Companion::hasNothingInNonContravariantPosition (126 bytes)
Event: 5.080 Thread 0x000002ddf5097860 nmethod 11723 0x000002ddd9e8e910 code [0x000002ddd9e8ebc0, 0x000002ddd9e8f2c8]
Event: 5.080 Thread 0x000002ddf5097860 11719       1       org.jetbrains.kotlin.ir.expressions.impl.IrIfThenElseImpl::getStartOffset (5 bytes)
Event: 5.080 Thread 0x000002ddf5097860 nmethod 11719 0x000002dde023f290 code [0x000002dde023f420, 0x000002dde023f4f8]
Event: 5.080 Thread 0x000002ddf5097860 11714       1       org.jetbrains.kotlin.resolve.jvm.diagnostics.JvmDeclarationOrigin::getOriginKind (5 bytes)
Event: 5.080 Thread 0x000002ddf5097860 nmethod 11714 0x000002dde0147490 code [0x000002dde0147620, 0x000002dde01476f8]
Event: 5.080 Thread 0x000002ddf5097860 11726       2       org.jetbrains.kotlin.backend.jvm.codegen.ExpressionCodegen::visitCall (1237 bytes)

GC Heap History (20 events):
Event: 2.239 GC heap after
{Heap after GC invocations=13 (full 0):
 garbage-first heap   total 94208K, used 35582K [0x0000000701400000, 0x0000000800000000)
  region size 2048K, 2 young (4096K), 2 survivors (4096K)
 Metaspace       used 51051K, committed 51264K, reserved 1097728K
  class space    used 6103K, committed 6208K, reserved 1048576K
}
Event: 2.500 GC heap before
{Heap before GC invocations=13 (full 0):
 garbage-first heap   total 94208K, used 70398K [0x0000000701400000, 0x0000000800000000)
  region size 2048K, 19 young (38912K), 2 survivors (4096K)
 Metaspace       used 52290K, committed 52544K, reserved 1097728K
  class space    used 6227K, committed 6336K, reserved 1048576K
}
Event: 2.511 GC heap after
{Heap after GC invocations=14 (full 0):
 garbage-first heap   total 94208K, used 41899K [0x0000000701400000, 0x0000000800000000)
  region size 2048K, 3 young (6144K), 3 survivors (6144K)
 Metaspace       used 52290K, committed 52544K, reserved 1097728K
  class space    used 6227K, committed 6336K, reserved 1048576K
}
Event: 2.570 GC heap before
{Heap before GC invocations=14 (full 0):
 garbage-first heap   total 94208K, used 70571K [0x0000000701400000, 0x0000000800000000)
  region size 2048K, 17 young (34816K), 3 survivors (6144K)
 Metaspace       used 52566K, committed 52736K, reserved 1097728K
  class space    used 6259K, committed 6336K, reserved 1048576K
}
Event: 2.576 GC heap after
{Heap after GC invocations=15 (full 0):
 garbage-first heap   total 94208K, used 43211K [0x0000000701400000, 0x0000000800000000)
  region size 2048K, 1 young (2048K), 1 survivors (2048K)
 Metaspace       used 52566K, committed 52736K, reserved 1097728K
  class space    used 6259K, committed 6336K, reserved 1048576K
}
Event: 2.980 GC heap before
{Heap before GC invocations=15 (full 0):
 garbage-first heap   total 94208K, used 71883K [0x0000000701400000, 0x0000000800000000)
  region size 2048K, 15 young (30720K), 1 survivors (2048K)
 Metaspace       used 55253K, committed 55552K, reserved 1105920K
  class space    used 6534K, committed 6656K, reserved 1048576K
}
Event: 2.987 GC heap after
{Heap after GC invocations=16 (full 0):
 garbage-first heap   total 94208K, used 47416K [0x0000000701400000, 0x0000000800000000)
  region size 2048K, 2 young (4096K), 2 survivors (4096K)
 Metaspace       used 55253K, committed 55552K, reserved 1105920K
  class space    used 6534K, committed 6656K, reserved 1048576K
}
Event: 3.316 GC heap before
{Heap before GC invocations=17 (full 0):
 garbage-first heap   total 94208K, used 69944K [0x0000000701400000, 0x0000000800000000)
  region size 2048K, 14 young (28672K), 2 survivors (4096K)
 Metaspace       used 56395K, committed 56640K, reserved 1105920K
  class space    used 6593K, committed 6720K, reserved 1048576K
}
Event: 3.324 GC heap after
{Heap after GC invocations=18 (full 0):
 garbage-first heap   total 94208K, used 50953K [0x0000000701400000, 0x0000000800000000)
  region size 2048K, 2 young (4096K), 2 survivors (4096K)
 Metaspace       used 56395K, committed 56640K, reserved 1105920K
  class space    used 6593K, committed 6720K, reserved 1048576K
}
Event: 3.564 GC heap before
{Heap before GC invocations=18 (full 0):
 garbage-first heap   total 94208K, used 69385K [0x0000000701400000, 0x0000000800000000)
  region size 2048K, 12 young (24576K), 2 survivors (4096K)
 Metaspace       used 60356K, committed 60672K, reserved 1105920K
  class space    used 7008K, committed 7168K, reserved 1048576K
}
Event: 3.569 GC heap after
{Heap after GC invocations=19 (full 0):
 garbage-first heap   total 141312K, used 52435K [0x0000000701400000, 0x0000000800000000)
  region size 2048K, 1 young (2048K), 1 survivors (2048K)
 Metaspace       used 60356K, committed 60672K, reserved 1105920K
  class space    used 7008K, committed 7168K, reserved 1048576K
}
Event: 4.088 GC heap before
{Heap before GC invocations=20 (full 0):
 garbage-first heap   total 141312K, used 105683K [0x0000000701400000, 0x0000000800000000)
  region size 2048K, 27 young (55296K), 1 survivors (2048K)
 Metaspace       used 67601K, committed 67904K, reserved 1114112K
  class space    used 7718K, committed 7872K, reserved 1048576K
}
Event: 4.095 GC heap after
{Heap after GC invocations=21 (full 0):
 garbage-first heap   total 141312K, used 58096K [0x0000000701400000, 0x0000000800000000)
  region size 2048K, 4 young (8192K), 4 survivors (8192K)
 Metaspace       used 67601K, committed 67904K, reserved 1114112K
  class space    used 7718K, committed 7872K, reserved 1048576K
}
Event: 4.118 GC heap before
{Heap before GC invocations=21 (full 0):
 garbage-first heap   total 141312K, used 60144K [0x0000000701400000, 0x0000000800000000)
  region size 2048K, 5 young (10240K), 4 survivors (8192K)
 Metaspace       used 68057K, committed 68416K, reserved 1114112K
  class space    used 7756K, committed 7936K, reserved 1048576K
}
Event: 4.131 GC heap after
{Heap after GC invocations=22 (full 0):
 garbage-first heap   total 141312K, used 58398K [0x0000000701400000, 0x0000000800000000)
  region size 2048K, 1 young (2048K), 1 survivors (2048K)
 Metaspace       used 68057K, committed 68416K, reserved 1114112K
  class space    used 7756K, committed 7936K, reserved 1048576K
}
Event: 4.485 GC heap before
{Heap before GC invocations=22 (full 0):
 garbage-first heap   total 141312K, used 103454K [0x0000000701400000, 0x0000000800000000)
  region size 2048K, 24 young (49152K), 1 survivors (2048K)
 Metaspace       used 73789K, committed 74048K, reserved 1122304K
  class space    used 8309K, committed 8448K, reserved 1048576K
}
Event: 4.489 GC heap after
{Heap after GC invocations=23 (full 0):
 garbage-first heap   total 141312K, used 62385K [0x0000000701400000, 0x0000000800000000)
  region size 2048K, 3 young (6144K), 3 survivors (6144K)
 Metaspace       used 73789K, committed 74048K, reserved 1122304K
  class space    used 8309K, committed 8448K, reserved 1048576K
}
Event: 4.681 GC heap before
{Heap before GC invocations=23 (full 0):
 garbage-first heap   total 141312K, used 107441K [0x0000000701400000, 0x0000000800000000)
  region size 2048K, 25 young (51200K), 3 survivors (6144K)
 Metaspace       used 75100K, committed 75392K, reserved 1122304K
  class space    used 8419K, committed 8576K, reserved 1048576K
}
Event: 4.684 GC heap after
{Heap after GC invocations=24 (full 0):
 garbage-first heap   total 141312K, used 63507K [0x0000000701400000, 0x0000000800000000)
  region size 2048K, 1 young (2048K), 1 survivors (2048K)
 Metaspace       used 75100K, committed 75392K, reserved 1122304K
  class space    used 8419K, committed 8576K, reserved 1048576K
}
Event: 5.085 GC heap before
{Heap before GC invocations=24 (full 0):
 garbage-first heap   total 141312K, used 108563K [0x0000000701400000, 0x0000000800000000)
  region size 2048K, 24 young (49152K), 1 survivors (2048K)
 Metaspace       used 79356K, committed 79616K, reserved 1122304K
  class space    used 8769K, committed 8896K, reserved 1048576K
}

Dll operation events (2 events):
Event: 0.004 Loaded shared library C:\Program Files\Android\Android Studio\jbr\bin\java.dll
Event: 0.497 Loaded shared library C:\Program Files\Android\Android Studio\jbr\bin\verify.dll

Deoptimization events (20 events):
Event: 5.011 Thread 0x000002ddd36a9e80 Uncommon trap: trap_request=0xffffff66 fr.pc=0x000002dde0161884 relative=0x0000000000000d84
Event: 5.011 Thread 0x000002ddd36a9e80 Uncommon trap: reason=speculate_class_check action=maybe_recompile pc=0x000002dde0161884 method=org.jetbrains.kotlin.ir.util.IrUtilsKt.getParentAsClass(Lorg/jetbrains/kotlin/ir/declarations/IrDeclaration;)Lorg/jetbrains/kotlin/ir/declarations/IrClass; @ 8
Event: 5.011 Thread 0x000002ddd36a9e80 DEOPT PACKING pc=0x000002dde0161884 sp=0x000000f1766fe090
Event: 5.011 Thread 0x000002ddd36a9e80 DEOPT UNPACKING pc=0x000002dddf9369a3 sp=0x000000f1766fdfc8 mode 2
Event: 5.011 Thread 0x000002ddd36a9e80 Uncommon trap: trap_request=0xffffff66 fr.pc=0x000002dde0161884 relative=0x0000000000000d84
Event: 5.011 Thread 0x000002ddd36a9e80 Uncommon trap: reason=speculate_class_check action=maybe_recompile pc=0x000002dde0161884 method=org.jetbrains.kotlin.ir.util.IrUtilsKt.getParentAsClass(Lorg/jetbrains/kotlin/ir/declarations/IrDeclaration;)Lorg/jetbrains/kotlin/ir/declarations/IrClass; @ 8
Event: 5.011 Thread 0x000002ddd36a9e80 DEOPT PACKING pc=0x000002dde0161884 sp=0x000000f1766fe090
Event: 5.011 Thread 0x000002ddd36a9e80 DEOPT UNPACKING pc=0x000002dddf9369a3 sp=0x000000f1766fdfc8 mode 2
Event: 5.011 Thread 0x000002ddd36a9e80 Uncommon trap: trap_request=0xffffff66 fr.pc=0x000002dde0161884 relative=0x0000000000000d84
Event: 5.011 Thread 0x000002ddd36a9e80 Uncommon trap: reason=speculate_class_check action=maybe_recompile pc=0x000002dde0161884 method=org.jetbrains.kotlin.ir.util.IrUtilsKt.getParentAsClass(Lorg/jetbrains/kotlin/ir/declarations/IrDeclaration;)Lorg/jetbrains/kotlin/ir/declarations/IrClass; @ 8
Event: 5.011 Thread 0x000002ddd36a9e80 DEOPT PACKING pc=0x000002dde0161884 sp=0x000000f1766fe090
Event: 5.011 Thread 0x000002ddd36a9e80 DEOPT UNPACKING pc=0x000002dddf9369a3 sp=0x000000f1766fdfc8 mode 2
Event: 5.019 Thread 0x000002ddd36a9e80 Uncommon trap: trap_request=0xffffff66 fr.pc=0x000002dde0161884 relative=0x0000000000000d84
Event: 5.019 Thread 0x000002ddd36a9e80 Uncommon trap: reason=speculate_class_check action=maybe_recompile pc=0x000002dde0161884 method=org.jetbrains.kotlin.ir.util.IrUtilsKt.getParentAsClass(Lorg/jetbrains/kotlin/ir/declarations/IrDeclaration;)Lorg/jetbrains/kotlin/ir/declarations/IrClass; @ 8
Event: 5.019 Thread 0x000002ddd36a9e80 DEOPT PACKING pc=0x000002dde0161884 sp=0x000000f1766fe090
Event: 5.019 Thread 0x000002ddd36a9e80 DEOPT UNPACKING pc=0x000002dddf9369a3 sp=0x000000f1766fdfc8 mode 2
Event: 5.050 Thread 0x000002ddd36a9e80 Uncommon trap: trap_request=0xffffff45 fr.pc=0x000002dde03785b0 relative=0x0000000000000290
Event: 5.050 Thread 0x000002ddd36a9e80 Uncommon trap: reason=unstable_if action=reinterpret pc=0x000002dde03785b0 method=gnu.trove.TObjectHash.index(Ljava/lang/Object;)I @ 54 c2
Event: 5.050 Thread 0x000002ddd36a9e80 DEOPT PACKING pc=0x000002dde03785b0 sp=0x000000f1766fbe60
Event: 5.050 Thread 0x000002ddd36a9e80 DEOPT UNPACKING pc=0x000002dddf9369a3 sp=0x000000f1766fbde8 mode 2

Classes unloaded (0 events):
No events

Classes redefined (0 events):
No events

Internal exceptions (20 events):
Event: 2.019 Thread 0x000002ddd36a9e80 Implicit null exception at 0x000002dddff4c6ef to 0x000002dddff4c8e4
Event: 2.023 Thread 0x000002ddd36a9e80 Implicit null exception at 0x000002dddff7244c to 0x000002dddff72534
Event: 2.343 Thread 0x000002ddd36a9e80 Implicit null exception at 0x000002dddfecee0f to 0x000002dddfecee89
Event: 2.405 Thread 0x000002ddd36a9e80 Exception <a 'java/lang/NoSuchMethodError'{0x0000000705aa3800}: 'int java.lang.invoke.DirectMethodHandle$Holder.invokeInterface(java.lang.Object, java.lang.Object)'> (0x0000000705aa3800) 
thrown [s\src\hotspot\share\interpreter\linkResolver.cpp, line 771]
Event: 2.422 Thread 0x000002ddd36a9e80 Exception <a 'java/lang/NoSuchMethodError'{0x0000000705900ee8}: 'int java.lang.invoke.DirectMethodHandle$Holder.invokeStaticInit(java.lang.Object, int)'> (0x0000000705900ee8) 
thrown [s\src\hotspot\share\interpreter\linkResolver.cpp, line 771]
Event: 2.440 Thread 0x000002ddd36a9e80 Implicit null exception at 0x000002dde00f53bc to 0x000002dde00f5ba8
Event: 2.706 Thread 0x000002ddd36a9e80 Exception <a 'java/lang/NoSuchMethodError'{0x000000070661d118}: 'java.lang.Object java.lang.invoke.DirectMethodHandle$Holder.invokeInterface(java.lang.Object, java.lang.Object, java.lang.Object)'> (0x000000070661d118) 
thrown [s\src\hotspot\share\interpreter\linkResolver.cpp, line 771]
Event: 2.706 Thread 0x000002ddd36a9e80 Exception <a 'java/lang/IncompatibleClassChangeError'{0x0000000706620a88}: Found class java.lang.Object, but interface was expected> (0x0000000706620a88) 
thrown [s\src\hotspot\share\interpreter\linkResolver.cpp, line 838]
Event: 2.783 Thread 0x000002ddd36a9e80 Exception <a 'java/lang/NoSuchMethodError'{0x0000000706160ca0}: 'java.lang.Object java.lang.invoke.DirectMethodHandle$Holder.newInvokeSpecial(java.lang.Object, java.lang.Object, java.lang.Object, java.lang.Object, java.lang.Object, java.lang.Object, java.lang.Object)'> (0x0000000706160ca0) 
thrown [s\src\hotspot\share\interpreter\linkResolver.cpp, line 771]
Event: 2.783 Thread 0x000002ddd36a9e80 Exception <a 'java/lang/NoSuchMethodError'{0x0000000706165da8}: 'java.lang.Object java.lang.invoke.Invokers$Holder.linkToTargetMethod(java.lang.Object, java.lang.Object, java.lang.Object, java.lang.Object, java.lang.Object, java.lang.Object, java.lang.Object)'> (0x0000000706165da8) 
thrown [s\src\hotspot\share\interpreter\linkResolver.cpp, line 771]
Event: 2.811 Thread 0x000002ddd36a9e80 Implicit null exception at 0x000002dde0122d19 to 0x000002dde01230cb
Event: 2.855 Thread 0x000002ddd36a9e80 Exception <a 'java/lang/NoSuchMethodError'{0x0000000705b52408}: 'java.lang.Object java.lang.invoke.DirectMethodHandle$Holder.invokeStatic(java.lang.Object, int, java.lang.Object)'> (0x0000000705b52408) 
thrown [s\src\hotspot\share\interpreter\linkResolver.cpp, line 771]
Event: 2.857 Thread 0x000002ddd36a9e80 Exception <a 'java/lang/NoSuchMethodError'{0x0000000705b6e3c0}: 'java.lang.Object java.lang.invoke.DirectMethodHandle$Holder.invokeStatic(java.lang.Object, int, java.lang.Object, java.lang.Object)'> (0x0000000705b6e3c0) 
thrown [s\src\hotspot\share\interpreter\linkResolver.cpp, line 771]
Event: 2.857 Thread 0x000002ddd36a9e80 Exception <a 'java/lang/NoSuchMethodError'{0x0000000705b76a58}: 'java.lang.Object java.lang.invoke.DirectMethodHandle$Holder.newInvokeSpecial(java.lang.Object, int, java.lang.Object)'> (0x0000000705b76a58) 
thrown [s\src\hotspot\share\interpreter\linkResolver.cpp, line 771]
Event: 3.429 Thread 0x000002ddd36a9e80 Implicit null exception at 0x000002dde01018dc to 0x000002dde0101bc0
Event: 3.492 Thread 0x000002ddd36a9e80 Exception <a 'java/lang/NoSuchMethodError'{0x00000007065b7cd0}: 'java.lang.Object java.lang.invoke.DirectMethodHandle$Holder.invokeStaticInit(java.lang.Object, java.lang.Object, java.lang.Object, java.lang.Object)'> (0x00000007065b7cd0) 
thrown [s\src\hotspot\share\interpreter\linkResolver.cpp, line 771]
Event: 3.630 Thread 0x000002ddd36a9e80 Exception <a 'java/lang/NoSuchMethodError'{0x0000000709415ed0}: 'java.lang.Object java.lang.invoke.DirectMethodHandle$Holder.newInvokeSpecial(java.lang.Object, java.lang.Object, java.lang.Object, int, int)'> (0x0000000709415ed0) 
thrown [s\src\hotspot\share\interpreter\linkResolver.cpp, line 771]
Event: 3.630 Thread 0x000002ddd36a9e80 Exception <a 'java/lang/NoSuchMethodError'{0x0000000709419d10}: 'java.lang.Object java.lang.invoke.DirectMethodHandle$Holder.invokeSpecial(java.lang.Object, java.lang.Object, java.lang.Object, java.lang.Object, int, int)'> (0x0000000709419d10) 
thrown [s\src\hotspot\share\interpreter\linkResolver.cpp, line 771]
Event: 3.651 Thread 0x000002ddd36a9e80 Exception <a 'java/lang/NoSuchMethodError'{0x0000000709244660}: 'java.lang.Object java.lang.invoke.DirectMethodHandle$Holder.invokeSpecial(java.lang.Object, java.lang.Object, int, int, java.lang.Object, java.lang.Object, java.lang.Object, java.lang.Object, java.lang.Object)'> (0x0000000709244660) 
thrown [s\src\hotspot\share\interpreter\linkResolver.cpp, line 771]
Event: 3.810 Thread 0x000002ddd36a9e80 Implicit null exception at 0x000002dddff4cdf4 to 0x000002dddff4d03c

VM Operations (20 events):
Event: 4.690 Executing VM operation: HandshakeAllThreads done
Event: 4.703 Executing VM operation: HandshakeAllThreads
Event: 4.703 Executing VM operation: HandshakeAllThreads done
Event: 4.771 Executing VM operation: HandshakeAllThreads
Event: 4.771 Executing VM operation: HandshakeAllThreads done
Event: 4.784 Executing VM operation: HandshakeAllThreads
Event: 4.784 Executing VM operation: HandshakeAllThreads done
Event: 4.789 Executing VM operation: ICBufferFull
Event: 4.789 Executing VM operation: ICBufferFull done
Event: 4.850 Executing VM operation: ICBufferFull
Event: 4.850 Executing VM operation: ICBufferFull done
Event: 4.922 Executing VM operation: HandshakeAllThreads
Event: 4.922 Executing VM operation: HandshakeAllThreads done
Event: 4.939 Executing VM operation: HandshakeAllThreads
Event: 4.939 Executing VM operation: HandshakeAllThreads done
Event: 4.945 Executing VM operation: ICBufferFull
Event: 4.945 Executing VM operation: ICBufferFull done
Event: 5.083 Executing VM operation: ICBufferFull
Event: 5.083 Executing VM operation: ICBufferFull done
Event: 5.085 Executing VM operation: G1CollectForAllocation

Events (20 events):
Event: 4.711 Thread 0x000002ddf50ac020 flushing nmethod 0x000002ddd9aa8c90
Event: 4.711 Thread 0x000002ddf50ac020 flushing nmethod 0x000002ddd9ad0010
Event: 4.711 Thread 0x000002ddf50ac020 flushing nmethod 0x000002ddd9ade190
Event: 4.711 Thread 0x000002ddf50ac020 flushing nmethod 0x000002ddd9af4390
Event: 4.711 Thread 0x000002ddf50ac020 flushing nmethod 0x000002ddd9b1a990
Event: 4.711 Thread 0x000002ddf50ac020 flushing nmethod 0x000002ddd9b44490
Event: 4.711 Thread 0x000002ddf50ac020 flushing nmethod 0x000002ddd9b52e90
Event: 4.711 Thread 0x000002ddf50ac020 flushing nmethod 0x000002ddd9b56b90
Event: 4.711 Thread 0x000002ddf50ac020 flushing nmethod 0x000002ddd9b57110
Event: 4.712 Thread 0x000002ddf50ac020 flushing nmethod 0x000002ddd9bbed10
Event: 4.712 Thread 0x000002ddf50ac020 flushing nmethod 0x000002ddd9bc0690
Event: 4.712 Thread 0x000002ddf50ac020 flushing nmethod 0x000002ddd9bc3090
Event: 4.712 Thread 0x000002ddf50ac020 flushing nmethod 0x000002ddd9c16390
Event: 4.712 Thread 0x000002ddf50ac020 flushing nmethod 0x000002ddd9c84b10
Event: 4.712 Thread 0x000002ddf50ac020 flushing nmethod 0x000002ddd9dd9590
Event: 4.712 Thread 0x000002ddf50ac020 flushing nmethod 0x000002ddd9ddda10
Event: 4.765 loading class java/util/Vector$Itr
Event: 4.765 loading class java/util/Vector$Itr done
Event: 4.858 loading class java/util/regex/Pattern$Dollar
Event: 4.858 loading class java/util/regex/Pattern$Dollar done


Dynamic libraries:
0x00007ff77e1a0000 - 0x00007ff77e1aa000 	C:\Program Files\Android\Android Studio\jbr\bin\java.exe
0x00007ffeb97d0000 - 0x00007ffeb99c7000 	C:\Windows\SYSTEM32\ntdll.dll
0x00007ffeb8dc0000 - 0x00007ffeb8e7d000 	C:\Windows\System32\KERNEL32.DLL
0x00007ffeb6eb0000 - 0x00007ffeb71a6000 	C:\Windows\System32\KERNELBASE.dll
0x00007ffeb7600000 - 0x00007ffeb7700000 	C:\Windows\System32\ucrtbase.dll
0x00007ffe2fa40000 - 0x00007ffe2fa57000 	C:\Program Files\Android\Android Studio\jbr\bin\jli.dll
0x00007ffe29040000 - 0x00007ffe2905b000 	C:\Program Files\Android\Android Studio\jbr\bin\VCRUNTIME140.dll
0x00007ffeb7fe0000 - 0x00007ffeb817e000 	C:\Windows\System32\USER32.dll
0x00007ffeb7220000 - 0x00007ffeb7242000 	C:\Windows\System32\win32u.dll
0x00007ffe9b150000 - 0x00007ffe9b3ea000 	C:\Windows\WinSxS\amd64_microsoft.windows.common-controls_6595b64144ccf1df_6.0.19041.3570_none_60bb2a3971f3e41a\COMCTL32.dll
0x00007ffeb9350000 - 0x00007ffeb937c000 	C:\Windows\System32\GDI32.dll
0x00007ffeb8c70000 - 0x00007ffeb8d0e000 	C:\Windows\System32\msvcrt.dll
0x00007ffeb72d0000 - 0x00007ffeb73ea000 	C:\Windows\System32\gdi32full.dll
0x00007ffeb7790000 - 0x00007ffeb782d000 	C:\Windows\System32\msvcp_win.dll
0x00007ffeb8b10000 - 0x00007ffeb8b40000 	C:\Windows\System32\IMM32.DLL
0x00007ffea0390000 - 0x00007ffea039c000 	C:\Program Files\Android\Android Studio\jbr\bin\vcruntime140_1.dll
0x00007ffe28fb0000 - 0x00007ffe2903d000 	C:\Program Files\Android\Android Studio\jbr\bin\msvcp140.dll
0x00007ffe2fc00000 - 0x00007ffe3086e000 	C:\Program Files\Android\Android Studio\jbr\bin\server\jvm.dll
0x00007ffeb92a0000 - 0x00007ffeb934e000 	C:\Windows\System32\ADVAPI32.dll
0x00007ffeb82c0000 - 0x00007ffeb835c000 	C:\Windows\System32\sechost.dll
0x00007ffeb8b40000 - 0x00007ffeb8c66000 	C:\Windows\System32\RPCRT4.dll
0x00007ffea0c80000 - 0x00007ffea0c89000 	C:\Windows\SYSTEM32\WSOCK32.dll
0x00007ffeaca40000 - 0x00007ffeaca67000 	C:\Windows\SYSTEM32\WINMM.dll
0x00007ffeb03e0000 - 0x00007ffeb03ea000 	C:\Windows\SYSTEM32\VERSION.dll
0x00007ffeb9590000 - 0x00007ffeb95fb000 	C:\Windows\System32\WS2_32.dll
0x00007ffeb4d70000 - 0x00007ffeb4d82000 	C:\Windows\SYSTEM32\kernel.appcore.dll
0x00007ffeb1100000 - 0x00007ffeb110a000 	C:\Program Files\Android\Android Studio\jbr\bin\jimage.dll
0x00007ffeb1b10000 - 0x00007ffeb1cf4000 	C:\Windows\SYSTEM32\DBGHELP.DLL
0x00007ffea3e70000 - 0x00007ffea3ea4000 	C:\Windows\SYSTEM32\dbgcore.DLL
0x00007ffeb7700000 - 0x00007ffeb7782000 	C:\Windows\System32\bcryptPrimitives.dll
0x00007ffe6a9f0000 - 0x00007ffe6aa15000 	C:\Program Files\Android\Android Studio\jbr\bin\java.dll
0x00007ffeb10e0000 - 0x00007ffeb10f8000 	C:\Program Files\Android\Android Studio\jbr\bin\zip.dll
0x00007ffeb7830000 - 0x00007ffeb7f74000 	C:\Windows\System32\SHELL32.dll
0x00007ffeb4f70000 - 0x00007ffeb570b000 	C:\Windows\SYSTEM32\windows.storage.dll
0x00007ffeb8f40000 - 0x00007ffeb9294000 	C:\Windows\System32\combase.dll
0x00007ffeb68f0000 - 0x00007ffeb691d000 	C:\Windows\SYSTEM32\Wldp.dll
0x00007ffeb8440000 - 0x00007ffeb84ed000 	C:\Windows\System32\SHCORE.dll
0x00007ffeb8250000 - 0x00007ffeb82a5000 	C:\Windows\System32\shlwapi.dll
0x00007ffeb6de0000 - 0x00007ffeb6e05000 	C:\Windows\SYSTEM32\profapi.dll
0x00007ffeb0fa0000 - 0x00007ffeb0fb9000 	C:\Program Files\Android\Android Studio\jbr\bin\net.dll
0x00007ffeaf960000 - 0x00007ffeafa6a000 	C:\Windows\SYSTEM32\WINHTTP.dll
0x00007ffeb6650000 - 0x00007ffeb66ba000 	C:\Windows\system32\mswsock.dll
0x00007ffe68de0000 - 0x00007ffe68df6000 	C:\Program Files\Android\Android Studio\jbr\bin\nio.dll
0x00007ffe68dd0000 - 0x00007ffe68de0000 	C:\Program Files\Android\Android Studio\jbr\bin\verify.dll

dbghelp: loaded successfully - version: 4.0.5 - missing functions: none
symbol engine: initialized successfully - sym options: 0x614 - pdb path: .;C:\Program Files\Android\Android Studio\jbr\bin;C:\Windows\SYSTEM32;C:\Windows\WinSxS\amd64_microsoft.windows.common-controls_6595b64144ccf1df_6.0.19041.3570_none_60bb2a3971f3e41a;C:\Program Files\Android\Android Studio\jbr\bin\server

VM Arguments:
java_command: org.jetbrains.kotlin.cli.jvm.K2JVMCompiler @C:\Users\Ivan\Downloads\AplicacionTrabajo1\app\build\20231016_14525677162732742608.compiler.options
java_class_path (initial): C:\Users\Ivan\.gradle\caches\modules-2\files-2.1\org.jetbrains.kotlin\kotlin-compiler-embeddable\1.9.20-RC\82c6ef353c89980e51aaf02d7dbdbb86e9fadfa4\kotlin-compiler-embeddable-1.9.20-RC.jar;C:\Users\Ivan\.gradle\caches\modules-2\files-2.1\org.jetbrains.kotlin\kotlin-stdlib\1.9.20-RC\f3abfc5244b1097dec0f64b371f184e3124b2779\kotlin-stdlib-1.9.20-RC.jar;C:\Users\Ivan\.gradle\caches\modules-2\files-2.1\org.jetbrains.kotlin\kotlin-script-runtime\1.9.20-RC\8ed9aa9b4cc699cc0f12505429acda4e41b8acfa\kotlin-script-runtime-1.9.20-RC.jar;C:\Users\Ivan\.gradle\caches\modules-2\files-2.1\org.jetbrains.kotlin\kotlin-reflect\1.6.10\1cbe9c92c12a94eea200d23c2bbaedaf3daf5132\kotlin-reflect-1.6.10.jar;C:\Users\Ivan\.gradle\caches\modules-2\files-2.1\org.jetbrains.kotlin\kotlin-daemon-embeddable\1.9.20-RC\9a6544daf9d863238927a6da26c66547c60b9d51\kotlin-daemon-embeddable-1.9.20-RC.jar;C:\Users\Ivan\.gradle\caches\modules-2\files-2.1\org.jetbrains.intellij.deps\trove4j\1.0.20200330\3afb14d5f9ceb459d724e907a21145e8ff394f02\trove4j-1.0.20200330.jar;C:\Users\Ivan\.gradle\caches\modules-2\files-2.1\org.jetbrains\annotations\13.0\919f0dfe192fb4e063e7dacadee7f8bb9a2672a9\annotations-13.0.jar
Launcher Type: SUN_STANDARD

[Global flags]
     intx CICompilerCount                          = 4                                         {product} {ergonomic}
     uint ConcGCThreads                            = 3                                         {product} {ergonomic}
     uint G1ConcRefinementThreads                  = 10                                        {product} {ergonomic}
   size_t G1HeapRegionSize                         = 2097152                                   {product} {ergonomic}
    uintx GCDrainStackTargetSize                   = 64                                        {product} {ergonomic}
   size_t InitialHeapSize                          = 268435456                                 {product} {ergonomic}
   size_t MarkStackSize                            = 4194304                                   {product} {ergonomic}
   size_t MaxHeapSize                              = 4273995776                                {product} {ergonomic}
   size_t MaxNewSize                               = 2562719744                                {product} {ergonomic}
   size_t MinHeapDeltaBytes                        = 2097152                                   {product} {ergonomic}
   size_t MinHeapSize                              = 8388608                                   {product} {ergonomic}
    uintx NonNMethodCodeHeapSize                   = 5839372                                {pd product} {ergonomic}
    uintx NonProfiledCodeHeapSize                  = 122909434                              {pd product} {ergonomic}
    uintx ProfiledCodeHeapSize                     = 122909434                              {pd product} {ergonomic}
    uintx ReservedCodeCacheSize                    = 251658240                              {pd product} {ergonomic}
     bool SegmentedCodeCache                       = true                                      {product} {ergonomic}
   size_t SoftMaxHeapSize                          = 4273995776                             {manageable} {ergonomic}
     bool UseCompressedClassPointers               = true                           {product lp64_product} {ergonomic}
     bool UseCompressedOops                        = true                           {product lp64_product} {ergonomic}
     bool UseG1GC                                  = true                                      {product} {ergonomic}
     bool UseLargePagesIndividualAllocation        = false                                  {pd product} {ergonomic}

Logging:
Log output configuration:
 #0: stdout all=warning uptime,level,tags
 #1: stderr all=off uptime,level,tags

Environment Variables:
PATH=C:\Program Files (x86)\Common Files\Oracle\Java\javapath;C:\Windows\system32;C:\Windows;C:\Windows\System32\Wbem;C:\Windows\System32\WindowsPowerShell\v1.0\;C:\Windows\System32\OpenSSH\;C:\Program Files\Git\cmd;C:\Program Files\nodejs\;C:\Users\Ivan\AppData\Local\Programs\Python\Python311\Scripts\;C:\Users\Ivan\AppData\Local\Programs\Python\Python311\;C:\Users\Ivan\AppData\Local\Microsoft\WindowsApps;C:\Users\Ivan\AppData\Local\Programs\Microsoft VS Code\bin;C:\Users\Ivan\AppData\Local\GitHubDesktop\bin;C:\Users\Ivan\AppData\Roaming\npm
USERNAME=Ivan
OS=Windows_NT
PROCESSOR_IDENTIFIER=AMD64 Family 25 Model 33 Stepping 2, AuthenticAMD
TMP=C:\Users\Ivan\AppData\Local\Temp
TEMP=C:\Users\Ivan\AppData\Local\Temp


JNI global refs:
JNI global refs: 13, weak refs: 28

JNI global refs memory usage: 843, weak refs: 841


---------------  S Y S T E M  ---------------

OS:
 Windows 10 , 64 bit Build 19041 (10.0.19041.3570)
OS uptime: 0 days 1:52 hours

CPU: total 12 (initial active 12) (12 cores per cpu, 2 threads per core) family 25 model 33 stepping 2 microcode 0x0, cx8, cmov, fxsr, ht, mmx, 3dnowpref, sse, sse2, sse3, ssse3, sse4a, sse4.1, sse4.2, popcnt, lzcnt, tsc, tscinvbit, avx, avx2, aes, erms, clmul, bmi1, bmi2, adx, sha, fma, vzeroupper, clflush, clflushopt

Memory: 4k page, system-wide physical 16296M (2242M free)
TotalPageFile size 18344M (AvailPageFile size 8M)
current process WorkingSet (physical memory assigned to process): 343M, peak: 366M
current process commit charge ("private bytes"): 512M, peak: 529M

vm_info: OpenJDK 64-Bit Server VM (17.0.6+0-b2043.56-10027231) for windows-amd64 JRE (17.0.6+0-b2043.56-10027231), built on Apr 28 2023 00:43:19 by "androidbuild" with MS VC++ 16.10 / 16.11 (VS2019)

END.
