#
# There is insufficient memory for the Java Runtime Environment to continue.
# Native memory allocation (mmap) failed to map 27262976 bytes for G1 virtual space
# Possible reasons:
#   The system is out of physical RAM or swap space
#   The process is running with CompressedOops enabled, and the Java Heap may be blocking the growth of the native heap
# Possible solutions:
#   Reduce memory load on the system
#   Increase physical memory or swap space
#   Check if swap backing store is full
#   Decrease Java heap size (-Xmx/-Xms)
#   Decrease number of Java threads
#   Decrease Java thread stack sizes (-Xss)
#   Set larger code cache with -XX:ReservedCodeCacheSize=
#   JVM is running with Zero Based Compressed Oops mode in which the Java heap is
#     placed in the first 32GB address space. The Java Heap base address is the
#     maximum limit for the native heap growth. Please use -XX:HeapBaseMinAddress
#     to set the Java Heap base and to place the Java Heap above 32GB virtual address.
# This output file may be truncated or incomplete.
#
#  Out of Memory Error (os_windows.cpp:3769), pid=16184, tid=18380
#
# JRE version: OpenJDK Runtime Environment (17.0.6) (build 17.0.6+0-b2043.56-10027231)
# Java VM: OpenJDK 64-Bit Server VM (17.0.6+0-b2043.56-10027231, mixed mode, tiered, compressed oops, compressed class ptrs, g1 gc, windows-amd64)
# No core dump will be written. Minidumps are not enabled by default on client versions of Windows
#

---------------  S U M M A R Y ------------

Command Line: org.jetbrains.kotlin.cli.jvm.K2JVMCompiler @C:\Users\Ivan\Downloads\AplicacionTrabajo1\app\build\20231016_17633306041302543258.compiler.options

Host: AMD Ryzen 5 5600 6-Core Processor              , 12 cores, 15G,  Windows 10 , 64 bit Build 19041 (10.0.19041.3570)
Time: Mon Oct 16 01:16:03 2023 Hora estándar de Argentina elapsed time: 4.669035 seconds (0d 0h 0m 4s)

---------------  T H R E A D  ---------------

Current thread (0x000001fafef1f010):  VMThread "VM Thread" [stack: 0x00000018a3b00000,0x00000018a3c00000] [id=18380]

Stack: [0x00000018a3b00000,0x00000018a3c00000]
Native frames: (J=compiled Java code, j=interpreted, Vv=VM code, C=native code)
V  [jvm.dll+0x683c9a]
V  [jvm.dll+0x8427a4]
V  [jvm.dll+0x843f9e]
V  [jvm.dll+0x844603]
V  [jvm.dll+0x249b75]
V  [jvm.dll+0x680b69]
V  [jvm.dll+0x67505a]
V  [jvm.dll+0x309acb]
V  [jvm.dll+0x310f86]
V  [jvm.dll+0x3608ee]
V  [jvm.dll+0x360b1f]
V  [jvm.dll+0x2dfbf8]
V  [jvm.dll+0x2ddec4]
V  [jvm.dll+0x2dd4cc]
V  [jvm.dll+0x321f3b]
V  [jvm.dll+0x848ccb]
V  [jvm.dll+0x849a04]
V  [jvm.dll+0x849f1d]
V  [jvm.dll+0x84a2f4]
V  [jvm.dll+0x84a3c0]
V  [jvm.dll+0x7f274a]
V  [jvm.dll+0x682ad5]
C  [ucrtbase.dll+0x21bb2]
C  [KERNEL32.DLL+0x17344]
C  [ntdll.dll+0x526b1]

VM_Operation (0x00000018a35fb970): G1CollectForAllocation, mode: safepoint, requested by thread 0x000001faf3119d50


---------------  P R O C E S S  ---------------

Threads class SMR info:
_java_thread_list=0x000001fa9503e960, length=14, elements={
0x000001faf3119d50, 0x000001faff862270, 0x000001faff8630e0, 0x000001fafef2c260,
0x000001fafef2ce10, 0x000001fafef2d7c0, 0x000001fafef2e170, 0x000001faff892d40,
0x000001faff8ba030, 0x000001faff8baa20, 0x000001faffa0b200, 0x000001faffa0d720,
0x000001faffa65e60, 0x000001fa9b5ec810
}

Java Threads: ( => current thread )
  0x000001faf3119d50 JavaThread "main" [_thread_blocked, id=8500, stack(0x00000018a3500000,0x00000018a3600000)]
  0x000001faff862270 JavaThread "Reference Handler" daemon [_thread_blocked, id=3184, stack(0x00000018a3c00000,0x00000018a3d00000)]
  0x000001faff8630e0 JavaThread "Finalizer" daemon [_thread_blocked, id=20196, stack(0x00000018a3d00000,0x00000018a3e00000)]
  0x000001fafef2c260 JavaThread "Signal Dispatcher" daemon [_thread_blocked, id=9424, stack(0x00000018a3e00000,0x00000018a3f00000)]
  0x000001fafef2ce10 JavaThread "Attach Listener" daemon [_thread_blocked, id=3504, stack(0x00000018a3f00000,0x00000018a4000000)]
  0x000001fafef2d7c0 JavaThread "Service Thread" daemon [_thread_blocked, id=1504, stack(0x00000018a4000000,0x00000018a4100000)]
  0x000001fafef2e170 JavaThread "Monitor Deflation Thread" daemon [_thread_blocked, id=8156, stack(0x00000018a4100000,0x00000018a4200000)]
  0x000001faff892d40 JavaThread "C2 CompilerThread0" daemon [_thread_blocked, id=7584, stack(0x00000018a4200000,0x00000018a4300000)]
  0x000001faff8ba030 JavaThread "C1 CompilerThread0" daemon [_thread_blocked, id=18976, stack(0x00000018a4300000,0x00000018a4400000)]
  0x000001faff8baa20 JavaThread "Sweeper thread" daemon [_thread_blocked, id=2040, stack(0x00000018a4400000,0x00000018a4500000)]
  0x000001faffa0b200 JavaThread "Notification Thread" daemon [_thread_blocked, id=9552, stack(0x00000018a4500000,0x00000018a4600000)]
  0x000001faffa0d720 JavaThread "Common-Cleaner" daemon [_thread_blocked, id=1720, stack(0x00000018a4700000,0x00000018a4800000)]
  0x000001faffa65e60 JavaThread "C2 CompilerThread1" daemon [_thread_blocked, id=9976, stack(0x00000018a4800000,0x00000018a4900000)]
  0x000001fa9b5ec810 JavaThread "C2 CompilerThread2" daemon [_thread_blocked, id=10776, stack(0x00000018a5300000,0x00000018a5400000)]

Other Threads:
=>0x000001fafef1f010 VMThread "VM Thread" [stack: 0x00000018a3b00000,0x00000018a3c00000] [id=18380]
  0x000001faf319ec80 WatcherThread [stack: 0x00000018a4600000,0x00000018a4700000] [id=10012]
  0x000001faf3186240 GCTaskThread "GC Thread#0" [stack: 0x00000018a3600000,0x00000018a3700000] [id=17268]
  0x000001fa9545e9c0 GCTaskThread "GC Thread#1" [stack: 0x00000018a4900000,0x00000018a4a00000] [id=9556]
  0x000001fa9545ec70 GCTaskThread "GC Thread#2" [stack: 0x00000018a4a00000,0x00000018a4b00000] [id=9896]
  0x000001fa95486330 GCTaskThread "GC Thread#3" [stack: 0x00000018a4b00000,0x00000018a4c00000] [id=18752]
  0x000001fa9548f420 GCTaskThread "GC Thread#4" [stack: 0x00000018a4c00000,0x00000018a4d00000] [id=4904]
  0x000001fa9548fcf0 GCTaskThread "GC Thread#5" [stack: 0x00000018a4d00000,0x00000018a4e00000] [id=3536]
  0x000001fa95770b30 GCTaskThread "GC Thread#6" [stack: 0x00000018a4e00000,0x00000018a4f00000] [id=16820]
  0x000001fa96810510 GCTaskThread "GC Thread#7" [stack: 0x00000018a4f00000,0x00000018a5000000] [id=13384]
  0x000001fa968107c0 GCTaskThread "GC Thread#8" [stack: 0x00000018a5000000,0x00000018a5100000] [id=3552]
  0x000001fa957525e0 GCTaskThread "GC Thread#9" [stack: 0x00000018a5400000,0x00000018a5500000] [id=1480]
  0x000001faf3197040 ConcurrentGCThread "G1 Main Marker" [stack: 0x00000018a3700000,0x00000018a3800000] [id=4852]
  0x000001faf31981f0 ConcurrentGCThread "G1 Conc#0" [stack: 0x00000018a3800000,0x00000018a3900000] [id=9396]
  0x000001fa95499ef0 ConcurrentGCThread "G1 Conc#1" [stack: 0x00000018a5100000,0x00000018a5200000] [id=18816]
  0x000001fa95752330 ConcurrentGCThread "G1 Conc#2" [stack: 0x00000018a5200000,0x00000018a5300000] [id=17048]
  0x000001fafedb64f0 ConcurrentGCThread "G1 Refine#0" [stack: 0x00000018a3900000,0x00000018a3a00000] [id=3628]
  0x000001fa97cdc620 ConcurrentGCThread "G1 Refine#1" [stack: 0x00000018a5500000,0x00000018a5600000] [id=16240]
  0x000001fa97cdbaa0 ConcurrentGCThread "G1 Refine#2" [stack: 0x00000018a5600000,0x00000018a5700000] [id=16040]
  0x000001fafedb6d20 ConcurrentGCThread "G1 Service" [stack: 0x00000018a3a00000,0x00000018a3b00000] [id=11636]

Threads with active compile tasks:
C2 CompilerThread0     4679 11092       4       org.jetbrains.kotlin.types.AbstractTypeMapper::mapType (561 bytes)
C2 CompilerThread1     4679 11037       4       org.jetbrains.kotlin.load.kotlin.TypeSignatureMappingKt::mapBuiltInType (339 bytes)
C2 CompilerThread2     4679 11279       4       org.jetbrains.kotlin.backend.jvm.mapping.IrTypeMapper::writeGenericType (13 bytes)

VM state: at safepoint (normal execution)

VM Mutex/Monitor currently owned by a thread:  ([mutex/lock_event])
[0x000001faf31188a0] Threads_lock - owner thread: 0x000001fafef1f010
[0x000001faf3119080] Heap_lock - owner thread: 0x000001faf3119d50

Heap address: 0x0000000701400000, size: 4076 MB, Compressed Oops mode: Zero based, Oop shift amount: 3

CDS archive(s) not mapped
Compressed class space mapped at: 0x0000000800000000-0x0000000840000000, reserved size: 1073741824
Narrow klass base: 0x0000000800000000, Narrow klass shift: 0, Narrow klass range: 0x40000000

GC Precious Log:
 CPUs: 12 total, 12 available
 Memory: 16296M
 Large Page Support: Disabled
 NUMA Support: Disabled
 Compressed Oops: Enabled (Zero based)
 Heap Region Size: 2M
 Heap Min Capacity: 8M
 Heap Initial Capacity: 256M
 Heap Max Capacity: 4076M
 Pre-touch: Disabled
 Parallel Workers: 10
 Concurrent Workers: 3
 Concurrent Refinement Workers: 10
 Periodic GC: Disabled

Heap:
 garbage-first heap   total 131072K, used 65277K [0x0000000701400000, 0x0000000800000000)
  region size 2048K, 1 young (2048K), 1 survivors (2048K)
 Metaspace       used 78274K, committed 78592K, reserved 1122304K
  class space    used 8699K, committed 8832K, reserved 1048576K

Heap Regions: E=young(eden), S=young(survivor), O=old, HS=humongous(starts), HC=humongous(continues), CS=collection set, F=free, OA=open archive, CA=closed archive, TAMS=top-at-mark-start (previous, next)
|   0|0x0000000701400000, 0x0000000701600000, 0x0000000701600000|100%|HS|  |TAMS 0x0000000701600000, 0x0000000701400000| Complete 
|   1|0x0000000701600000, 0x0000000701800000, 0x0000000701800000|100%|HC|  |TAMS 0x0000000701800000, 0x0000000701600000| Complete 
|   2|0x0000000701800000, 0x0000000701a00000, 0x0000000701a00000|100%| O|  |TAMS 0x0000000701a00000, 0x0000000701800000| Untracked 
|   3|0x0000000701a00000, 0x0000000701c00000, 0x0000000701c00000|100%|HS|  |TAMS 0x0000000701c00000, 0x0000000701a00000| Complete 
|   4|0x0000000701c00000, 0x0000000701e00000, 0x0000000701e00000|100%| O|  |TAMS 0x0000000701e00000, 0x0000000701c00000| Untracked 
|   5|0x0000000701e00000, 0x0000000702000000, 0x0000000702000000|100%| O|  |TAMS 0x0000000702000000, 0x0000000701e00000| Untracked 
|   6|0x0000000702000000, 0x0000000702200000, 0x0000000702200000|100%| O|  |TAMS 0x0000000702200000, 0x0000000702000000| Untracked 
|   7|0x0000000702200000, 0x0000000702400000, 0x0000000702400000|100%| O|  |TAMS 0x0000000702400000, 0x0000000702200000| Untracked 
|   8|0x0000000702400000, 0x0000000702600000, 0x0000000702600000|100%| O|  |TAMS 0x0000000702600000, 0x0000000702400000| Untracked 
|   9|0x0000000702600000, 0x0000000702800000, 0x0000000702800000|100%| O|  |TAMS 0x0000000702800000, 0x0000000702600000| Untracked 
|  10|0x0000000702800000, 0x0000000702a00000, 0x0000000702a00000|100%| O|  |TAMS 0x0000000702a00000, 0x0000000702800000| Untracked 
|  11|0x0000000702a00000, 0x0000000702bbb400, 0x0000000702c00000| 86%| O|  |TAMS 0x0000000702bbb400, 0x0000000702a00000| Untracked 
|  12|0x0000000702c00000, 0x0000000702e00000, 0x0000000702e00000|100%| O|  |TAMS 0x0000000702e00000, 0x0000000702c00000| Untracked 
|  13|0x0000000702e00000, 0x0000000703000000, 0x0000000703000000|100%| O|  |TAMS 0x0000000703000000, 0x0000000702e00000| Untracked 
|  14|0x0000000703000000, 0x0000000703200000, 0x0000000703200000|100%| O|  |TAMS 0x0000000703200000, 0x0000000703000000| Untracked 
|  15|0x0000000703200000, 0x0000000703400000, 0x0000000703400000|100%| O|  |TAMS 0x0000000703400000, 0x0000000703200000| Untracked 
|  16|0x0000000703400000, 0x0000000703600000, 0x0000000703600000|100%| O|  |TAMS 0x0000000703600000, 0x0000000703400000| Untracked 
|  17|0x0000000703600000, 0x0000000703800000, 0x0000000703800000|100%| O|  |TAMS 0x0000000703800000, 0x0000000703600000| Untracked 
|  18|0x0000000703800000, 0x0000000703a00000, 0x0000000703a00000|100%| O|  |TAMS 0x0000000703a00000, 0x0000000703800000| Untracked 
|  19|0x0000000703a00000, 0x0000000703c00000, 0x0000000703c00000|100%| O|  |TAMS 0x0000000703c00000, 0x0000000703a00000| Untracked 
|  20|0x0000000703c00000, 0x0000000703e00000, 0x0000000703e00000|100%| O|  |TAMS 0x0000000703e00000, 0x0000000703c00000| Untracked 
|  21|0x0000000703e00000, 0x0000000704000000, 0x0000000704000000|100%| O|  |TAMS 0x0000000704000000, 0x0000000703e00000| Untracked 
|  22|0x0000000704000000, 0x0000000704200000, 0x0000000704200000|100%| O|  |TAMS 0x0000000704200000, 0x0000000704000000| Untracked 
|  23|0x0000000704200000, 0x0000000704400000, 0x0000000704400000|100%| O|  |TAMS 0x0000000704400000, 0x0000000704200000| Untracked 
|  24|0x0000000704400000, 0x0000000704600000, 0x0000000704600000|100%| O|  |TAMS 0x0000000704600000, 0x0000000704400000| Untracked 
|  25|0x0000000704600000, 0x0000000704800000, 0x0000000704800000|100%| O|  |TAMS 0x0000000704800000, 0x0000000704600000| Untracked 
|  26|0x0000000704800000, 0x0000000704a00000, 0x0000000704a00000|100%| O|  |TAMS 0x0000000704a00000, 0x0000000704800000| Untracked 
|  27|0x0000000704a00000, 0x0000000704c00000, 0x0000000704c00000|100%| O|  |TAMS 0x0000000704c00000, 0x0000000704a00000| Untracked 
|  28|0x0000000704c00000, 0x0000000704c00000, 0x0000000704e00000|  0%| F|  |TAMS 0x0000000704c00000, 0x0000000704c00000| Untracked 
|  29|0x0000000704e00000, 0x0000000705000000, 0x0000000705000000|100%| O|  |TAMS 0x0000000704e00000, 0x0000000704e00000| Untracked 
|  30|0x0000000705000000, 0x0000000705200000, 0x0000000705200000|100%| O|  |TAMS 0x0000000705000000, 0x0000000705000000| Untracked 
|  31|0x0000000705200000, 0x0000000705400000, 0x0000000705400000|100%| O|  |TAMS 0x0000000705200000, 0x0000000705200000| Untracked 
|  32|0x0000000705400000, 0x0000000705586000, 0x0000000705600000| 76%| O|  |TAMS 0x0000000705400000, 0x0000000705400000| Untracked 
|  33|0x0000000705600000, 0x0000000705600000, 0x0000000705800000|  0%| F|  |TAMS 0x0000000705600000, 0x0000000705600000| Untracked 
|  34|0x0000000705800000, 0x0000000705800000, 0x0000000705a00000|  0%| F|  |TAMS 0x0000000705800000, 0x0000000705800000| Untracked 
|  35|0x0000000705a00000, 0x0000000705a00000, 0x0000000705c00000|  0%| F|  |TAMS 0x0000000705a00000, 0x0000000705a00000| Untracked 
|  36|0x0000000705c00000, 0x0000000705c00000, 0x0000000705e00000|  0%| F|  |TAMS 0x0000000705c00000, 0x0000000705c00000| Untracked 
|  37|0x0000000705e00000, 0x0000000705e00000, 0x0000000706000000|  0%| F|  |TAMS 0x0000000705e00000, 0x0000000705e00000| Untracked 
|  38|0x0000000706000000, 0x0000000706000000, 0x0000000706200000|  0%| F|  |TAMS 0x0000000706000000, 0x0000000706000000| Untracked 
|  39|0x0000000706200000, 0x0000000706200000, 0x0000000706400000|  0%| F|  |TAMS 0x0000000706200000, 0x0000000706200000| Untracked 
|  40|0x0000000706400000, 0x0000000706400000, 0x0000000706600000|  0%| F|  |TAMS 0x0000000706400000, 0x0000000706400000| Untracked 
|  41|0x0000000706600000, 0x0000000706600000, 0x0000000706800000|  0%| F|  |TAMS 0x0000000706600000, 0x0000000706600000| Untracked 
|  42|0x0000000706800000, 0x0000000706800000, 0x0000000706a00000|  0%| F|  |TAMS 0x0000000706800000, 0x0000000706800000| Untracked 
|  43|0x0000000706a00000, 0x0000000706a00000, 0x0000000706c00000|  0%| F|  |TAMS 0x0000000706a00000, 0x0000000706a00000| Untracked 
|  44|0x0000000706c00000, 0x0000000706c00000, 0x0000000706e00000|  0%| F|  |TAMS 0x0000000706c00000, 0x0000000706c00000| Untracked 
|  45|0x0000000706e00000, 0x0000000706e00000, 0x0000000707000000|  0%| F|  |TAMS 0x0000000706e00000, 0x0000000706e00000| Untracked 
|  46|0x0000000707000000, 0x0000000707000000, 0x0000000707200000|  0%| F|  |TAMS 0x0000000707000000, 0x0000000707000000| Untracked 
|  47|0x0000000707200000, 0x0000000707200000, 0x0000000707400000|  0%| F|  |TAMS 0x0000000707200000, 0x0000000707200000| Untracked 
|  48|0x0000000707400000, 0x0000000707400000, 0x0000000707600000|  0%| F|  |TAMS 0x0000000707400000, 0x0000000707400000| Untracked 
|  49|0x0000000707600000, 0x0000000707600000, 0x0000000707800000|  0%| F|  |TAMS 0x0000000707600000, 0x0000000707600000| Untracked 
|  50|0x0000000707800000, 0x0000000707800000, 0x0000000707a00000|  0%| F|  |TAMS 0x0000000707800000, 0x0000000707800000| Untracked 
|  51|0x0000000707a00000, 0x0000000707a00000, 0x0000000707c00000|  0%| F|  |TAMS 0x0000000707a00000, 0x0000000707a00000| Untracked 
|  52|0x0000000707c00000, 0x0000000707c00000, 0x0000000707e00000|  0%| F|  |TAMS 0x0000000707c00000, 0x0000000707c00000| Untracked 
|  53|0x0000000707e00000, 0x0000000707e00000, 0x0000000708000000|  0%| F|  |TAMS 0x0000000707e00000, 0x0000000707e00000| Untracked 
|  54|0x0000000708000000, 0x0000000708000000, 0x0000000708200000|  0%| F|  |TAMS 0x0000000708000000, 0x0000000708000000| Untracked 
|  55|0x0000000708200000, 0x0000000708200000, 0x0000000708400000|  0%| F|  |TAMS 0x0000000708200000, 0x0000000708200000| Untracked 
|  56|0x0000000708400000, 0x0000000708400000, 0x0000000708600000|  0%| F|  |TAMS 0x0000000708400000, 0x0000000708400000| Untracked 
|  57|0x0000000708600000, 0x0000000708600000, 0x0000000708800000|  0%| F|  |TAMS 0x0000000708600000, 0x0000000708600000| Untracked 
|  58|0x0000000708800000, 0x0000000708800000, 0x0000000708a00000|  0%| F|  |TAMS 0x0000000708800000, 0x0000000708800000| Untracked 
|  59|0x0000000708a00000, 0x0000000708a00000, 0x0000000708c00000|  0%| F|  |TAMS 0x0000000708a00000, 0x0000000708a00000| Untracked 
|  60|0x0000000708c00000, 0x0000000708c00000, 0x0000000708e00000|  0%| F|  |TAMS 0x0000000708c00000, 0x0000000708c00000| Untracked 
|  61|0x0000000708e00000, 0x0000000708e7e080, 0x0000000709000000| 24%| S|CS|TAMS 0x0000000708e00000, 0x0000000708e00000| Complete 
|  62|0x0000000709000000, 0x0000000709000000, 0x0000000709200000|  0%| F|  |TAMS 0x0000000709000000, 0x0000000709000000| Untracked 
| 127|0x0000000711200000, 0x0000000711200000, 0x0000000711400000|  0%| F|  |TAMS 0x0000000711200000, 0x0000000711200000| Untracked 

Card table byte_map: [0x000001faf9250000,0x000001faf9a50000] _byte_map_base: 0x000001faf5a46000

Marking Bits (Prev, Next): (CMBitMap*) 0x000001faf3186850, (CMBitMap*) 0x000001faf3186890
 Prev Bits: [0x000001fafa250000, 0x000001fafe200000)
 Next Bits: [0x000001fa8f000000, 0x000001fa92fb0000)

Polling page: 0x000001faf2e20000

Metaspace:

Usage:
  Non-class:     67.94 MB used.
      Class:      8.50 MB used.
       Both:     76.44 MB used.

Virtual space:
  Non-class space:       72.00 MB reserved,      68.12 MB ( 95%) committed,  9 nodes.
      Class space:        1.00 GB reserved,       8.62 MB ( <1%) committed,  1 nodes.
             Both:        1.07 GB reserved,      76.75 MB (  7%) committed. 

Chunk freelists:
   Non-Class:  3.84 MB
       Class:  3.38 MB
        Both:  7.22 MB

MaxMetaspaceSize: unlimited
CompressedClassSpaceSize: 1.00 GB
Initial GC threshold: 21.00 MB
Current GC threshold: 121.50 MB
CDS: off
MetaspaceReclaimPolicy: balanced
 - commit_granule_bytes: 65536.
 - commit_granule_words: 8192.
 - virtual_space_node_default_size: 1048576.
 - enlarge_chunks_in_place: 1.
 - new_chunks_are_fully_committed: 0.
 - uncommit_free_chunks: 1.
 - use_allocation_guard: 0.
 - handle_deallocations: 1.


Internal statistics:

num_allocs_failed_limit: 6.
num_arena_births: 282.
num_arena_deaths: 0.
num_vsnodes_births: 10.
num_vsnodes_deaths: 0.
num_space_committed: 1226.
num_space_uncommitted: 0.
num_chunks_returned_to_freelist: 6.
num_chunks_taken_from_freelist: 2715.
num_chunk_merges: 6.
num_chunk_splits: 2303.
num_chunks_enlarged: 2107.
num_purges: 0.
num_inconsistent_stats: 0.

CodeHeap 'non-profiled nmethods': size=120000Kb used=5135Kb max_used=5482Kb free=114864Kb
 bounds [0x000001fa87ad0000, 0x000001fa88030000, 0x000001fa8f000000]
CodeHeap 'profiled nmethods': size=120000Kb used=26371Kb max_used=26371Kb free=93629Kb
 bounds [0x000001fa80000000, 0x000001fa819f0000, 0x000001fa87530000]
CodeHeap 'non-nmethods': size=5760Kb used=1410Kb max_used=1453Kb free=4350Kb
 bounds [0x000001fa87530000, 0x000001fa877a0000, 0x000001fa87ad0000]
 total_blobs=10217 nmethods=9484 adapters=642
 compilation: enabled
              stopped_count=0, restarted_count=0
 full_count=0

Compilation events (20 events):
Event: 4.660 Thread 0x000001fa9b5ec810 11307       4       org.jetbrains.kotlin.backend.jvm.mapping.IrTypeCheckerContextForTypeMapping::typeConstructor (18 bytes)
Event: 4.660 Thread 0x000001faff8ba030 nmethod 11319 0x000001fa814ec010 code [0x000001fa814ec1c0, 0x000001fa814ec4d8]
Event: 4.660 Thread 0x000001faff8ba030 11320       3       org.jetbrains.kotlin.load.kotlin.FileBasedKotlinClass$InnerClassesInfo::<init> (10 bytes)
Event: 4.660 Thread 0x000001faff8ba030 nmethod 11320 0x000001fa80a40110 code [0x000001fa80a402a0, 0x000001fa80a40438]
Event: 4.660 Thread 0x000001faff8ba030 11321       3       org.jetbrains.kotlin.load.kotlin.FileBasedKotlinClass$1::<init> (28 bytes)
Event: 4.660 Thread 0x000001faff8ba030 nmethod 11321 0x000001fa80f26010 code [0x000001fa80f261c0, 0x000001fa80f26508]
Event: 4.660 Thread 0x000001faff8ba030 11322       3       org.jetbrains.kotlin.load.kotlin.FileBasedKotlinClass$1::visit (28 bytes)
Event: 4.660 Thread 0x000001faff8ba030 nmethod 11322 0x000001fa80f25710 code [0x000001fa80f258e0, 0x000001fa80f25e08]
Event: 4.660 Thread 0x000001faff8ba030 11323       3       org.jetbrains.kotlin.load.kotlin.FileBasedKotlinClass$1::visitEnd (8 bytes)
Event: 4.660 Thread 0x000001faff8ba030 nmethod 11323 0x000001fa80f25310 code [0x000001fa80f254a0, 0x000001fa80f25618]
Event: 4.660 Thread 0x000001faff8ba030 11324       3       org.jetbrains.kotlin.load.kotlin.header.ReadKotlinClassHeaderAnnotationVisitor::visitEnd (1 bytes)
Event: 4.661 Thread 0x000001faff8ba030 nmethod 11324 0x000001fa80f24f90 code [0x000001fa80f25120, 0x000001fa80f25238]
Event: 4.661 Thread 0x000001fa9b5ec810 nmethod 11307 0x000001fa87fefc10 code [0x000001fa87fefda0, 0x000001fa87feff38]
Event: 4.661 Thread 0x000001fa9b5ec810 11094       4       org.jetbrains.kotlin.ir.declarations.lazy.IrLazyFunction::getExtensionReceiverParameter (19 bytes)
Event: 4.663 Thread 0x000001fa9b5ec810 nmethod 11094 0x000001fa87f4b890 code [0x000001fa87f4ba20, 0x000001fa87f4bf38]
Event: 4.663 Thread 0x000001fa9b5ec810 11278       4       org.jetbrains.kotlin.types.AbstractTypeMapper::mapType (36 bytes)
Event: 4.663 Thread 0x000001fa9b5ec810 nmethod 11278 0x000001fa87f4b390 code [0x000001fa87f4b520, 0x000001fa87f4b6a8]
Event: 4.663 Thread 0x000001fa9b5ec810 11280       4       org.jetbrains.kotlin.backend.jvm.mapping.IrTypeMapper::mapType (34 bytes)
Event: 4.664 Thread 0x000001fa9b5ec810 nmethod 11280 0x000001fa87fef790 code [0x000001fa87fef920, 0x000001fa87fefa48]
Event: 4.664 Thread 0x000001fa9b5ec810 11279       4       org.jetbrains.kotlin.backend.jvm.mapping.IrTypeMapper::writeGenericType (13 bytes)

GC Heap History (20 events):
Event: 1.865 GC heap after
{Heap after GC invocations=12 (full 0):
 garbage-first heap   total 92160K, used 31301K [0x0000000701400000, 0x0000000800000000)
  region size 2048K, 2 young (4096K), 2 survivors (4096K)
 Metaspace       used 49376K, committed 49600K, reserved 1097728K
  class space    used 5995K, committed 6080K, reserved 1048576K
}
Event: 2.216 GC heap before
{Heap before GC invocations=12 (full 0):
 garbage-first heap   total 92160K, used 68165K [0x0000000701400000, 0x0000000800000000)
  region size 2048K, 20 young (40960K), 2 survivors (4096K)
 Metaspace       used 51217K, committed 51456K, reserved 1097728K
  class space    used 6104K, committed 6208K, reserved 1048576K
}
Event: 2.226 GC heap after
{Heap after GC invocations=13 (full 0):
 garbage-first heap   total 92160K, used 36928K [0x0000000701400000, 0x0000000800000000)
  region size 2048K, 3 young (6144K), 3 survivors (6144K)
 Metaspace       used 51217K, committed 51456K, reserved 1097728K
  class space    used 6104K, committed 6208K, reserved 1048576K
}
Event: 2.399 GC heap before
{Heap before GC invocations=13 (full 0):
 garbage-first heap   total 92160K, used 67648K [0x0000000701400000, 0x0000000800000000)
  region size 2048K, 18 young (36864K), 3 survivors (6144K)
 Metaspace       used 52383K, committed 52608K, reserved 1097728K
  class space    used 6244K, committed 6336K, reserved 1048576K
}
Event: 2.410 GC heap after
{Heap after GC invocations=14 (full 0):
 garbage-first heap   total 92160K, used 41976K [0x0000000701400000, 0x0000000800000000)
  region size 2048K, 3 young (6144K), 3 survivors (6144K)
 Metaspace       used 52383K, committed 52608K, reserved 1097728K
  class space    used 6244K, committed 6336K, reserved 1048576K
}
Event: 2.508 GC heap before
{Heap before GC invocations=14 (full 0):
 garbage-first heap   total 92160K, used 66552K [0x0000000701400000, 0x0000000800000000)
  region size 2048K, 15 young (30720K), 3 survivors (6144K)
 Metaspace       used 53089K, committed 53312K, reserved 1097728K
  class space    used 6337K, committed 6464K, reserved 1048576K
}
Event: 2.513 GC heap after
{Heap after GC invocations=15 (full 0):
 garbage-first heap   total 92160K, used 43040K [0x0000000701400000, 0x0000000800000000)
  region size 2048K, 1 young (2048K), 1 survivors (2048K)
 Metaspace       used 53089K, committed 53312K, reserved 1097728K
  class space    used 6337K, committed 6464K, reserved 1048576K
}
Event: 2.886 GC heap before
{Heap before GC invocations=15 (full 0):
 garbage-first heap   total 92160K, used 69664K [0x0000000701400000, 0x0000000800000000)
  region size 2048K, 14 young (28672K), 1 survivors (2048K)
 Metaspace       used 55419K, committed 55680K, reserved 1105920K
  class space    used 6555K, committed 6656K, reserved 1048576K
}
Event: 2.892 GC heap after
{Heap after GC invocations=16 (full 0):
 garbage-first heap   total 131072K, used 47702K [0x0000000701400000, 0x0000000800000000)
  region size 2048K, 2 young (4096K), 2 survivors (4096K)
 Metaspace       used 55419K, committed 55680K, reserved 1105920K
  class space    used 6555K, committed 6656K, reserved 1048576K
}
Event: 3.419 GC heap before
{Heap before GC invocations=17 (full 0):
 garbage-first heap   total 131072K, used 94806K [0x0000000701400000, 0x0000000800000000)
  region size 2048K, 26 young (53248K), 2 survivors (4096K)
 Metaspace       used 61507K, committed 61824K, reserved 1105920K
  class space    used 7107K, committed 7232K, reserved 1048576K
}
Event: 3.425 GC heap after
{Heap after GC invocations=18 (full 0):
 garbage-first heap   total 131072K, used 52447K [0x0000000701400000, 0x0000000800000000)
  region size 2048K, 4 young (8192K), 4 survivors (8192K)
 Metaspace       used 61507K, committed 61824K, reserved 1105920K
  class space    used 7107K, committed 7232K, reserved 1048576K
}
Event: 3.860 GC heap before
{Heap before GC invocations=18 (full 0):
 garbage-first heap   total 131072K, used 97503K [0x0000000701400000, 0x0000000800000000)
  region size 2048K, 26 young (53248K), 4 survivors (8192K)
 Metaspace       used 67518K, committed 67840K, reserved 1114112K
  class space    used 7713K, committed 7872K, reserved 1048576K
}
Event: 3.868 GC heap after
{Heap after GC invocations=19 (full 0):
 garbage-first heap   total 131072K, used 58523K [0x0000000701400000, 0x0000000800000000)
  region size 2048K, 3 young (6144K), 3 survivors (6144K)
 Metaspace       used 67518K, committed 67840K, reserved 1114112K
  class space    used 7713K, committed 7872K, reserved 1048576K
}
Event: 4.178 GC heap before
{Heap before GC invocations=19 (full 0):
 garbage-first heap   total 131072K, used 99483K [0x0000000701400000, 0x0000000800000000)
  region size 2048K, 23 young (47104K), 3 survivors (6144K)
 Metaspace       used 73340K, committed 73664K, reserved 1114112K
  class space    used 8280K, committed 8448K, reserved 1048576K
}
Event: 4.184 GC heap after
{Heap after GC invocations=20 (full 0):
 garbage-first heap   total 131072K, used 63870K [0x0000000701400000, 0x0000000800000000)
  region size 2048K, 3 young (6144K), 3 survivors (6144K)
 Metaspace       used 73340K, committed 73664K, reserved 1114112K
  class space    used 8280K, committed 8448K, reserved 1048576K
}
Event: 4.350 GC heap before
{Heap before GC invocations=20 (full 0):
 garbage-first heap   total 131072K, used 100734K [0x0000000701400000, 0x0000000800000000)
  region size 2048K, 21 young (43008K), 3 survivors (6144K)
 Metaspace       used 74289K, committed 74624K, reserved 1122304K
  class space    used 8357K, committed 8512K, reserved 1048576K
}
Event: 4.355 GC heap after
{Heap after GC invocations=21 (full 0):
 garbage-first heap   total 131072K, used 64875K [0x0000000701400000, 0x0000000800000000)
  region size 2048K, 1 young (2048K), 1 survivors (2048K)
 Metaspace       used 74289K, committed 74624K, reserved 1122304K
  class space    used 8357K, committed 8512K, reserved 1048576K
}
Event: 4.637 GC heap before
{Heap before GC invocations=22 (full 0):
 garbage-first heap   total 131072K, used 101739K [0x0000000701400000, 0x0000000800000000)
  region size 2048K, 19 young (38912K), 1 survivors (2048K)
 Metaspace       used 78104K, committed 78464K, reserved 1122304K
  class space    used 8686K, committed 8832K, reserved 1048576K
}
Event: 4.641 GC heap after
{Heap after GC invocations=23 (full 0):
 garbage-first heap   total 131072K, used 65608K [0x0000000701400000, 0x0000000800000000)
  region size 2048K, 1 young (2048K), 1 survivors (2048K)
 Metaspace       used 78104K, committed 78464K, reserved 1122304K
  class space    used 8686K, committed 8832K, reserved 1048576K
}
Event: 4.664 GC heap before
{Heap before GC invocations=23 (full 0):
 garbage-first heap   total 131072K, used 69704K [0x0000000701400000, 0x0000000800000000)
  region size 2048K, 3 young (6144K), 1 survivors (2048K)
 Metaspace       used 78274K, committed 78592K, reserved 1122304K
  class space    used 8699K, committed 8832K, reserved 1048576K
}

Dll operation events (2 events):
Event: 0.004 Loaded shared library C:\Program Files\Android\Android Studio\jbr\bin\java.dll
Event: 0.482 Loaded shared library C:\Program Files\Android\Android Studio\jbr\bin\verify.dll

Deoptimization events (20 events):
Event: 4.609 Thread 0x000001faf3119d50 Uncommon trap: trap_request=0xffffff45 fr.pc=0x000001fa87cf8d58 relative=0x00000000000001b8
Event: 4.609 Thread 0x000001faf3119d50 Uncommon trap: reason=unstable_if action=reinterpret pc=0x000001fa87cf8d58 method=java.util.regex.Matcher.reset()Ljava/util/regex/Matcher; @ 47 c2
Event: 4.609 Thread 0x000001faf3119d50 DEOPT PACKING pc=0x000001fa87cf8d58 sp=0x00000018a35fce10
Event: 4.609 Thread 0x000001faf3119d50 DEOPT UNPACKING pc=0x000001fa875869a3 sp=0x00000018a35fcda0 mode 2
Event: 4.609 Thread 0x000001faf3119d50 Uncommon trap: trap_request=0xffffff45 fr.pc=0x000001fa87d9ca50 relative=0x0000000000000990
Event: 4.609 Thread 0x000001faf3119d50 Uncommon trap: reason=unstable_if action=reinterpret pc=0x000001fa87d9ca50 method=java.util.regex.Matcher.reset()Ljava/util/regex/Matcher; @ 47 c2
Event: 4.609 Thread 0x000001faf3119d50 DEOPT PACKING pc=0x000001fa87d9ca50 sp=0x00000018a35fceb0
Event: 4.609 Thread 0x000001faf3119d50 DEOPT UNPACKING pc=0x000001fa875869a3 sp=0x00000018a35fcdf8 mode 2
Event: 4.627 Thread 0x000001faf3119d50 Uncommon trap: trap_request=0xffffffc6 fr.pc=0x000001fa8800dba8 relative=0x0000000000000088
Event: 4.627 Thread 0x000001faf3119d50 Uncommon trap: reason=bimorphic_or_optimized_type_check action=maybe_recompile pc=0x000001fa8800dba8 method=org.jetbrains.kotlin.ir.util.IrUtilsKt.isAnnotationClass(Lorg/jetbrains/kotlin/ir/declarations/IrClass;)Z @ 8 c2
Event: 4.627 Thread 0x000001faf3119d50 DEOPT PACKING pc=0x000001fa8800dba8 sp=0x00000018a35fd420
Event: 4.627 Thread 0x000001faf3119d50 DEOPT UNPACKING pc=0x000001fa875869a3 sp=0x00000018a35fd360 mode 2
Event: 4.659 Thread 0x000001faf3119d50 Uncommon trap: trap_request=0xffffffc6 fr.pc=0x000001fa87f4d8e4 relative=0x0000000000000d24
Event: 4.659 Thread 0x000001faf3119d50 Uncommon trap: reason=bimorphic_or_optimized_type_check action=maybe_recompile pc=0x000001fa87f4d8e4 method=org.jetbrains.kotlin.ir.types.IrTypeSystemContext$DefaultImpls.getNameForClassUnderKotlinPackage(Lorg/jetbrains/kotlin/ir/types/IrTypeSystemContext
Event: 4.659 Thread 0x000001faf3119d50 DEOPT PACKING pc=0x000001fa87f4d8e4 sp=0x00000018a35fc8a0
Event: 4.659 Thread 0x000001faf3119d50 DEOPT UNPACKING pc=0x000001fa875869a3 sp=0x00000018a35fc6f8 mode 2
Event: 4.659 Thread 0x000001faf3119d50 Uncommon trap: trap_request=0xffffffc6 fr.pc=0x000001fa87fe2230 relative=0x0000000000000750
Event: 4.659 Thread 0x000001faf3119d50 Uncommon trap: reason=bimorphic_or_optimized_type_check action=maybe_recompile pc=0x000001fa87fe2230 method=org.jetbrains.kotlin.ir.types.IrTypeSystemContext$DefaultImpls.getNameForClassUnderKotlinPackage(Lorg/jetbrains/kotlin/ir/types/IrTypeSystemContext
Event: 4.659 Thread 0x000001faf3119d50 DEOPT PACKING pc=0x000001fa87fe2230 sp=0x00000018a35fc720
Event: 4.659 Thread 0x000001faf3119d50 DEOPT UNPACKING pc=0x000001fa875869a3 sp=0x00000018a35fc6d0 mode 2

Classes unloaded (0 events):
No events

Classes redefined (0 events):
No events

Internal exceptions (20 events):
Event: 1.885 Thread 0x000001faf3119d50 Implicit null exception at 0x000001fa87bc45cc to 0x000001fa87bc46b4
Event: 2.235 Thread 0x000001faf3119d50 Implicit null exception at 0x000001fa87b1ed0f to 0x000001fa87b1ed89
Event: 2.286 Thread 0x000001faf3119d50 Exception <a 'java/lang/NoSuchMethodError'{0x000000070647be28}: 'int java.lang.invoke.DirectMethodHandle$Holder.invokeInterface(java.lang.Object, java.lang.Object)'> (0x000000070647be28) 
thrown [s\src\hotspot\share\interpreter\linkResolver.cpp, line 771]
Event: 2.303 Thread 0x000001faf3119d50 Exception <a 'java/lang/NoSuchMethodError'{0x00000007062d9cd0}: 'int java.lang.invoke.DirectMethodHandle$Holder.invokeStaticInit(java.lang.Object, int)'> (0x00000007062d9cd0) 
thrown [s\src\hotspot\share\interpreter\linkResolver.cpp, line 771]
Event: 2.321 Thread 0x000001faf3119d50 Implicit null exception at 0x000001fa87d5f43c to 0x000001fa87d603e0
Event: 2.575 Thread 0x000001faf3119d50 Exception <a 'java/lang/NoSuchMethodError'{0x0000000708dd1120}: 'java.lang.Object java.lang.invoke.DirectMethodHandle$Holder.invokeInterface(java.lang.Object, java.lang.Object, java.lang.Object)'> (0x0000000708dd1120) 
thrown [s\src\hotspot\share\interpreter\linkResolver.cpp, line 771]
Event: 2.575 Thread 0x000001faf3119d50 Exception <a 'java/lang/IncompatibleClassChangeError'{0x0000000708dd4a90}: Found class java.lang.Object, but interface was expected> (0x0000000708dd4a90) 
thrown [s\src\hotspot\share\interpreter\linkResolver.cpp, line 838]
Event: 2.641 Thread 0x000001faf3119d50 Exception <a 'java/lang/NoSuchMethodError'{0x0000000706310628}: 'java.lang.Object java.lang.invoke.DirectMethodHandle$Holder.newInvokeSpecial(java.lang.Object, java.lang.Object, java.lang.Object, java.lang.Object, java.lang.Object, java.lang.Object, java.lang.Object)'> (0x0000000706310628) 
thrown [s\src\hotspot\share\interpreter\linkResolver.cpp, line 771]
Event: 2.641 Thread 0x000001faf3119d50 Exception <a 'java/lang/NoSuchMethodError'{0x0000000706315730}: 'java.lang.Object java.lang.invoke.Invokers$Holder.linkToTargetMethod(java.lang.Object, java.lang.Object, java.lang.Object, java.lang.Object, java.lang.Object, java.lang.Object, java.lang.Object)'> (0x0000000706315730) 
thrown [s\src\hotspot\share\interpreter\linkResolver.cpp, line 771]
Event: 2.712 Thread 0x000001faf3119d50 Exception <a 'java/lang/NoSuchMethodError'{0x0000000705ccecd8}: 'java.lang.Object java.lang.invoke.DirectMethodHandle$Holder.invokeStatic(java.lang.Object, int, java.lang.Object)'> (0x0000000705ccecd8) 
thrown [s\src\hotspot\share\interpreter\linkResolver.cpp, line 771]
Event: 2.714 Thread 0x000001faf3119d50 Exception <a 'java/lang/NoSuchMethodError'{0x0000000705ceac70}: 'java.lang.Object java.lang.invoke.DirectMethodHandle$Holder.invokeStatic(java.lang.Object, int, java.lang.Object, java.lang.Object)'> (0x0000000705ceac70) 
thrown [s\src\hotspot\share\interpreter\linkResolver.cpp, line 771]
Event: 2.714 Thread 0x000001faf3119d50 Exception <a 'java/lang/NoSuchMethodError'{0x0000000705cf3308}: 'java.lang.Object java.lang.invoke.DirectMethodHandle$Holder.newInvokeSpecial(java.lang.Object, int, java.lang.Object)'> (0x0000000705cf3308) 
thrown [s\src\hotspot\share\interpreter\linkResolver.cpp, line 771]
Event: 3.227 Thread 0x000001faf3119d50 Implicit null exception at 0x000001fa87e58dd4 to 0x000001fa87e590f4
Event: 3.227 Thread 0x000001faf3119d50 Implicit null exception at 0x000001fa87b8ad5b to 0x000001fa87b8b038
Event: 3.296 Thread 0x000001faf3119d50 Exception <a 'java/lang/NoSuchMethodError'{0x00000007072b6958}: 'java.lang.Object java.lang.invoke.DirectMethodHandle$Holder.invokeStaticInit(java.lang.Object, java.lang.Object, java.lang.Object, java.lang.Object)'> (0x00000007072b6958) 
thrown [s\src\hotspot\share\interpreter\linkResolver.cpp, line 771]
Event: 3.436 Thread 0x000001faf3119d50 Exception <a 'java/lang/NoSuchMethodError'{0x000000071130ed60}: 'java.lang.Object java.lang.invoke.DirectMethodHandle$Holder.newInvokeSpecial(java.lang.Object, java.lang.Object, java.lang.Object, int, int)'> (0x000000071130ed60) 
thrown [s\src\hotspot\share\interpreter\linkResolver.cpp, line 771]
Event: 3.436 Thread 0x000001faf3119d50 Exception <a 'java/lang/NoSuchMethodError'{0x0000000711312ba0}: 'java.lang.Object java.lang.invoke.DirectMethodHandle$Holder.invokeSpecial(java.lang.Object, java.lang.Object, java.lang.Object, java.lang.Object, int, int)'> (0x0000000711312ba0) 
thrown [s\src\hotspot\share\interpreter\linkResolver.cpp, line 771]
Event: 3.460 Thread 0x000001faf3119d50 Exception <a 'java/lang/NoSuchMethodError'{0x000000070913d2a0}: 'java.lang.Object java.lang.invoke.DirectMethodHandle$Holder.invokeSpecial(java.lang.Object, java.lang.Object, int, int, java.lang.Object, java.lang.Object, java.lang.Object, java.lang.Object, java.lang.Object)'> (0x000000070913d2a0) 
thrown [s\src\hotspot\share\interpreter\linkResolver.cpp, line 771]
Event: 3.618 Thread 0x000001faf3119d50 Implicit null exception at 0x000001fa87ba0af4 to 0x000001fa87ba0d3c
Event: 4.173 Thread 0x000001faf3119d50 Implicit null exception at 0x000001fa87fb9435 to 0x000001fa87fb9656

VM Operations (20 events):
Event: 4.440 Executing VM operation: HandshakeAllThreads done
Event: 4.444 Executing VM operation: HandshakeAllThreads
Event: 4.444 Executing VM operation: HandshakeAllThreads done
Event: 4.446 Executing VM operation: HandshakeAllThreads
Event: 4.446 Executing VM operation: HandshakeAllThreads done
Event: 4.447 Executing VM operation: HandshakeAllThreads
Event: 4.447 Executing VM operation: HandshakeAllThreads done
Event: 4.533 Executing VM operation: HandshakeAllThreads
Event: 4.533 Executing VM operation: HandshakeAllThreads done
Event: 4.539 Executing VM operation: ICBufferFull
Event: 4.539 Executing VM operation: ICBufferFull done
Event: 4.542 Executing VM operation: HandshakeAllThreads
Event: 4.542 Executing VM operation: HandshakeAllThreads done
Event: 4.588 Executing VM operation: ICBufferFull
Event: 4.588 Executing VM operation: ICBufferFull done
Event: 4.631 Executing VM operation: ICBufferFull
Event: 4.632 Executing VM operation: ICBufferFull done
Event: 4.637 Executing VM operation: G1CollectForAllocation
Event: 4.641 Executing VM operation: G1CollectForAllocation done
Event: 4.664 Executing VM operation: G1CollectForAllocation

Events (20 events):
Event: 4.430 Thread 0x000001faff8baa20 flushing nmethod 0x000001fa81729d10
Event: 4.430 Thread 0x000001faff8baa20 flushing nmethod 0x000001fa81738390
Event: 4.430 Thread 0x000001faff8baa20 flushing nmethod 0x000001fa8175c790
Event: 4.431 Thread 0x000001faff8baa20 flushing nmethod 0x000001fa8178f690
Event: 4.431 Thread 0x000001faff8baa20 flushing nmethod 0x000001fa81793990
Event: 4.431 Thread 0x000001faff8baa20 flushing nmethod 0x000001fa81796090
Event: 4.431 Thread 0x000001faff8baa20 flushing nmethod 0x000001fa81799090
Event: 4.431 Thread 0x000001faff8baa20 flushing nmethod 0x000001fa81799790
Event: 4.431 Thread 0x000001faff8baa20 flushing nmethod 0x000001fa817f6e10
Event: 4.431 Thread 0x000001faff8baa20 flushing nmethod 0x000001fa817f8790
Event: 4.431 Thread 0x000001faff8baa20 flushing nmethod 0x000001fa817fb190
Event: 4.431 Thread 0x000001faff8baa20 flushing nmethod 0x000001fa81859310
Event: 4.443 loading class java/lang/TypeNotPresentException
Event: 4.443 loading class java/lang/TypeNotPresentException done
Event: 4.527 loading class java/util/Vector$Itr
Event: 4.527 loading class java/util/Vector$Itr done
Event: 4.537 Thread 0x000001fa96900cd0 Thread exited: 0x000001fa96900cd0
Event: 4.570 Thread 0x000001fa9b5ec810 Thread added: 0x000001fa9b5ec810
Event: 4.609 loading class java/util/regex/Pattern$Dollar
Event: 4.609 loading class java/util/regex/Pattern$Dollar done


Dynamic libraries:
0x00007ff77e1a0000 - 0x00007ff77e1aa000 	C:\Program Files\Android\Android Studio\jbr\bin\java.exe
0x00007ffeb97d0000 - 0x00007ffeb99c7000 	C:\Windows\SYSTEM32\ntdll.dll
0x00007ffeb8dc0000 - 0x00007ffeb8e7d000 	C:\Windows\System32\KERNEL32.DLL
0x00007ffeb6eb0000 - 0x00007ffeb71a6000 	C:\Windows\System32\KERNELBASE.dll
0x00007ffeb7600000 - 0x00007ffeb7700000 	C:\Windows\System32\ucrtbase.dll
0x00007ffe29040000 - 0x00007ffe2905b000 	C:\Program Files\Android\Android Studio\jbr\bin\VCRUNTIME140.dll
0x00007ffe2fa40000 - 0x00007ffe2fa57000 	C:\Program Files\Android\Android Studio\jbr\bin\jli.dll
0x00007ffeb7fe0000 - 0x00007ffeb817e000 	C:\Windows\System32\USER32.dll
0x00007ffe9b150000 - 0x00007ffe9b3ea000 	C:\Windows\WinSxS\amd64_microsoft.windows.common-controls_6595b64144ccf1df_6.0.19041.3570_none_60bb2a3971f3e41a\COMCTL32.dll
0x00007ffeb7220000 - 0x00007ffeb7242000 	C:\Windows\System32\win32u.dll
0x00007ffeb8c70000 - 0x00007ffeb8d0e000 	C:\Windows\System32\msvcrt.dll
0x00007ffeb9350000 - 0x00007ffeb937c000 	C:\Windows\System32\GDI32.dll
0x00007ffeb72d0000 - 0x00007ffeb73ea000 	C:\Windows\System32\gdi32full.dll
0x00007ffeb7790000 - 0x00007ffeb782d000 	C:\Windows\System32\msvcp_win.dll
0x00007ffeb8b10000 - 0x00007ffeb8b40000 	C:\Windows\System32\IMM32.DLL
0x00007ffea0390000 - 0x00007ffea039c000 	C:\Program Files\Android\Android Studio\jbr\bin\vcruntime140_1.dll
0x00007ffe28fb0000 - 0x00007ffe2903d000 	C:\Program Files\Android\Android Studio\jbr\bin\msvcp140.dll
0x00007ffe2fc00000 - 0x00007ffe3086e000 	C:\Program Files\Android\Android Studio\jbr\bin\server\jvm.dll
0x00007ffeb92a0000 - 0x00007ffeb934e000 	C:\Windows\System32\ADVAPI32.dll
0x00007ffeb82c0000 - 0x00007ffeb835c000 	C:\Windows\System32\sechost.dll
0x00007ffeb8b40000 - 0x00007ffeb8c66000 	C:\Windows\System32\RPCRT4.dll
0x00007ffeaca40000 - 0x00007ffeaca67000 	C:\Windows\SYSTEM32\WINMM.dll
0x00007ffea0c80000 - 0x00007ffea0c89000 	C:\Windows\SYSTEM32\WSOCK32.dll
0x00007ffeb9590000 - 0x00007ffeb95fb000 	C:\Windows\System32\WS2_32.dll
0x00007ffeb03e0000 - 0x00007ffeb03ea000 	C:\Windows\SYSTEM32\VERSION.dll
0x00007ffeb4d70000 - 0x00007ffeb4d82000 	C:\Windows\SYSTEM32\kernel.appcore.dll
0x00007ffeb1100000 - 0x00007ffeb110a000 	C:\Program Files\Android\Android Studio\jbr\bin\jimage.dll
0x00007ffeb1b10000 - 0x00007ffeb1cf4000 	C:\Windows\SYSTEM32\DBGHELP.DLL
0x00007ffea3e70000 - 0x00007ffea3ea4000 	C:\Windows\SYSTEM32\dbgcore.DLL
0x00007ffeb7700000 - 0x00007ffeb7782000 	C:\Windows\System32\bcryptPrimitives.dll
0x00007ffe6a9f0000 - 0x00007ffe6aa15000 	C:\Program Files\Android\Android Studio\jbr\bin\java.dll
0x00007ffeb10e0000 - 0x00007ffeb10f8000 	C:\Program Files\Android\Android Studio\jbr\bin\zip.dll
0x00007ffeb7830000 - 0x00007ffeb7f74000 	C:\Windows\System32\SHELL32.dll
0x00007ffeb4f70000 - 0x00007ffeb570b000 	C:\Windows\SYSTEM32\windows.storage.dll
0x00007ffeb8f40000 - 0x00007ffeb9294000 	C:\Windows\System32\combase.dll
0x00007ffeb68f0000 - 0x00007ffeb691d000 	C:\Windows\SYSTEM32\Wldp.dll
0x00007ffeb8440000 - 0x00007ffeb84ed000 	C:\Windows\System32\SHCORE.dll
0x00007ffeb8250000 - 0x00007ffeb82a5000 	C:\Windows\System32\shlwapi.dll
0x00007ffeb6de0000 - 0x00007ffeb6e05000 	C:\Windows\SYSTEM32\profapi.dll
0x00007ffeb0fa0000 - 0x00007ffeb0fb9000 	C:\Program Files\Android\Android Studio\jbr\bin\net.dll
0x00007ffeaf960000 - 0x00007ffeafa6a000 	C:\Windows\SYSTEM32\WINHTTP.dll
0x00007ffeb6650000 - 0x00007ffeb66ba000 	C:\Windows\system32\mswsock.dll
0x00007ffe68de0000 - 0x00007ffe68df6000 	C:\Program Files\Android\Android Studio\jbr\bin\nio.dll
0x00007ffe68dd0000 - 0x00007ffe68de0000 	C:\Program Files\Android\Android Studio\jbr\bin\verify.dll

dbghelp: loaded successfully - version: 4.0.5 - missing functions: none
symbol engine: initialized successfully - sym options: 0x614 - pdb path: .;C:\Program Files\Android\Android Studio\jbr\bin;C:\Windows\SYSTEM32;C:\Windows\WinSxS\amd64_microsoft.windows.common-controls_6595b64144ccf1df_6.0.19041.3570_none_60bb2a3971f3e41a;C:\Program Files\Android\Android Studio\jbr\bin\server

VM Arguments:
java_command: org.jetbrains.kotlin.cli.jvm.K2JVMCompiler @C:\Users\Ivan\Downloads\AplicacionTrabajo1\app\build\20231016_17633306041302543258.compiler.options
java_class_path (initial): C:\Users\Ivan\.gradle\caches\modules-2\files-2.1\org.jetbrains.kotlin\kotlin-compiler-embeddable\1.9.20-RC\82c6ef353c89980e51aaf02d7dbdbb86e9fadfa4\kotlin-compiler-embeddable-1.9.20-RC.jar;C:\Users\Ivan\.gradle\caches\modules-2\files-2.1\org.jetbrains.kotlin\kotlin-stdlib\1.9.20-RC\f3abfc5244b1097dec0f64b371f184e3124b2779\kotlin-stdlib-1.9.20-RC.jar;C:\Users\Ivan\.gradle\caches\modules-2\files-2.1\org.jetbrains.kotlin\kotlin-script-runtime\1.9.20-RC\8ed9aa9b4cc699cc0f12505429acda4e41b8acfa\kotlin-script-runtime-1.9.20-RC.jar;C:\Users\Ivan\.gradle\caches\modules-2\files-2.1\org.jetbrains.kotlin\kotlin-reflect\1.6.10\1cbe9c92c12a94eea200d23c2bbaedaf3daf5132\kotlin-reflect-1.6.10.jar;C:\Users\Ivan\.gradle\caches\modules-2\files-2.1\org.jetbrains.kotlin\kotlin-daemon-embeddable\1.9.20-RC\9a6544daf9d863238927a6da26c66547c60b9d51\kotlin-daemon-embeddable-1.9.20-RC.jar;C:\Users\Ivan\.gradle\caches\modules-2\files-2.1\org.jetbrains.intellij.deps\trove4j\1.0.20200330\3afb14d5f9ceb459d724e907a21145e8ff394f02\trove4j-1.0.20200330.jar;C:\Users\Ivan\.gradle\caches\modules-2\files-2.1\org.jetbrains\annotations\13.0\919f0dfe192fb4e063e7dacadee7f8bb9a2672a9\annotations-13.0.jar
Launcher Type: SUN_STANDARD

[Global flags]
     intx CICompilerCount                          = 4                                         {product} {ergonomic}
     uint ConcGCThreads                            = 3                                         {product} {ergonomic}
     uint G1ConcRefinementThreads                  = 10                                        {product} {ergonomic}
   size_t G1HeapRegionSize                         = 2097152                                   {product} {ergonomic}
    uintx GCDrainStackTargetSize                   = 64                                        {product} {ergonomic}
   size_t InitialHeapSize                          = 268435456                                 {product} {ergonomic}
   size_t MarkStackSize                            = 4194304                                   {product} {ergonomic}
   size_t MaxHeapSize                              = 4273995776                                {product} {ergonomic}
   size_t MaxNewSize                               = 2562719744                                {product} {ergonomic}
   size_t MinHeapDeltaBytes                        = 2097152                                   {product} {ergonomic}
   size_t MinHeapSize                              = 8388608                                   {product} {ergonomic}
    uintx NonNMethodCodeHeapSize                   = 5839372                                {pd product} {ergonomic}
    uintx NonProfiledCodeHeapSize                  = 122909434                              {pd product} {ergonomic}
    uintx ProfiledCodeHeapSize                     = 122909434                              {pd product} {ergonomic}
    uintx ReservedCodeCacheSize                    = 251658240                              {pd product} {ergonomic}
     bool SegmentedCodeCache                       = true                                      {product} {ergonomic}
   size_t SoftMaxHeapSize                          = 4273995776                             {manageable} {ergonomic}
     bool UseCompressedClassPointers               = true                           {product lp64_product} {ergonomic}
     bool UseCompressedOops                        = true                           {product lp64_product} {ergonomic}
     bool UseG1GC                                  = true                                      {product} {ergonomic}
     bool UseLargePagesIndividualAllocation        = false                                  {pd product} {ergonomic}

Logging:
Log output configuration:
 #0: stdout all=warning uptime,level,tags
 #1: stderr all=off uptime,level,tags

Environment Variables:
PATH=C:\Program Files (x86)\Common Files\Oracle\Java\javapath;C:\Windows\system32;C:\Windows;C:\Windows\System32\Wbem;C:\Windows\System32\WindowsPowerShell\v1.0\;C:\Windows\System32\OpenSSH\;C:\Program Files\Git\cmd;C:\Program Files\nodejs\;C:\Users\Ivan\AppData\Local\Programs\Python\Python311\Scripts\;C:\Users\Ivan\AppData\Local\Programs\Python\Python311\;C:\Users\Ivan\AppData\Local\Microsoft\WindowsApps;C:\Users\Ivan\AppData\Local\Programs\Microsoft VS Code\bin;C:\Users\Ivan\AppData\Local\GitHubDesktop\bin;C:\Users\Ivan\AppData\Roaming\npm
USERNAME=Ivan
OS=Windows_NT
PROCESSOR_IDENTIFIER=AMD64 Family 25 Model 33 Stepping 2, AuthenticAMD
TMP=C:\Users\Ivan\AppData\Local\Temp
TEMP=C:\Users\Ivan\AppData\Local\Temp


JNI global refs:
JNI global refs: 12, weak refs: 1

JNI global refs memory usage: 843, weak refs: 841


---------------  S Y S T E M  ---------------

OS:
 Windows 10 , 64 bit Build 19041 (10.0.19041.3570)
OS uptime: 0 days 1:55 hours

CPU: total 12 (initial active 12) (12 cores per cpu, 2 threads per core) family 25 model 33 stepping 2 microcode 0x0, cx8, cmov, fxsr, ht, mmx, 3dnowpref, sse, sse2, sse3, ssse3, sse4a, sse4.1, sse4.2, popcnt, lzcnt, tsc, tscinvbit, avx, avx2, aes, erms, clmul, bmi1, bmi2, adx, sha, fma, vzeroupper, clflush, clflushopt

Memory: 4k page, system-wide physical 16296M (2211M free)
TotalPageFile size 18344M (AvailPageFile size 17M)
current process WorkingSet (physical memory assigned to process): 356M, peak: 358M
current process commit charge ("private bytes"): 397M, peak: 425M

vm_info: OpenJDK 64-Bit Server VM (17.0.6+0-b2043.56-10027231) for windows-amd64 JRE (17.0.6+0-b2043.56-10027231), built on Apr 28 2023 00:43:19 by "androidbuild" with MS VC++ 16.10 / 16.11 (VS2019)

END.
